2018-10-04 19:05:13,357 - org.hibernate.cfg.annotations.EntityBinder - DEBUG - Import with entity name Airport
2018-10-04 19:05:13,357 - org.hibernate.cfg.annotations.EntityBinder - DEBUG - Bind entity com.cg.ars.dto.Airport on table AIRPORTS
2018-10-04 19:05:13,358 - org.hibernate.cfg.Ejb3Column - DEBUG - Binding column: Ejb3Column{table=org.hibernate.mapping.Table(AIRPORTS), mappingColumn=ABBREVIATION, insertable=true, updatable=true, unique=false}
2018-10-04 19:05:13,358 - org.hibernate.cfg.annotations.PropertyBinder - DEBUG - MetadataSourceProcessor property abbreviation with lazy=false
2018-10-04 19:05:13,358 - org.hibernate.cfg.annotations.SimpleValueBinder - DEBUG - building SimpleValue for abbreviation
2018-10-04 19:05:13,358 - org.hibernate.cfg.annotations.PropertyBinder - DEBUG - Building property abbreviation
2018-10-04 19:05:13,358 - org.hibernate.cfg.Ejb3Column - DEBUG - Binding column: Ejb3Column{table=org.hibernate.mapping.Table(AIRPORTS), mappingColumn=AIRPORTNAME, insertable=true, updatable=true, unique=false}
2018-10-04 19:05:13,358 - org.hibernate.cfg.annotations.PropertyBinder - DEBUG - MetadataSourceProcessor property airportName with lazy=false
2018-10-04 19:05:13,358 - org.hibernate.cfg.annotations.SimpleValueBinder - DEBUG - building SimpleValue for airportName
2018-10-04 19:05:13,358 - org.hibernate.cfg.annotations.PropertyBinder - DEBUG - Building property airportName
2018-10-04 19:05:13,358 - org.hibernate.cfg.Ejb3Column - DEBUG - Binding column: Ejb3Column{table=org.hibernate.mapping.Table(AIRPORTS), mappingColumn=LOCATION, insertable=true, updatable=true, unique=false}
2018-10-04 19:05:13,358 - org.hibernate.cfg.annotations.PropertyBinder - DEBUG - MetadataSourceProcessor property location with lazy=false
2018-10-04 19:05:13,358 - org.hibernate.cfg.annotations.SimpleValueBinder - DEBUG - building SimpleValue for location
2018-10-04 19:05:13,358 - org.hibernate.cfg.annotations.PropertyBinder - DEBUG - Building property location
2018-10-04 19:05:13,359 - org.hibernate.cfg.annotations.SimpleValueBinder - DEBUG - Setting SimpleValue typeName for flightNo
2018-10-04 19:05:13,359 - org.hibernate.cfg.annotations.SimpleValueBinder - DEBUG - Setting SimpleValue typeName for airline
2018-10-04 19:05:13,359 - org.hibernate.cfg.annotations.SimpleValueBinder - DEBUG - Setting SimpleValue typeName for arrAirport
2018-10-04 19:05:13,359 - org.hibernate.cfg.annotations.SimpleValueBinder - DEBUG - Setting SimpleValue typeName for arrCity
2018-10-04 19:05:13,359 - org.hibernate.cfg.annotations.SimpleValueBinder - DEBUG - Setting SimpleValue typeName for arrDate
2018-10-04 19:05:13,359 - org.hibernate.cfg.annotations.SimpleValueBinder - DEBUG - Setting SimpleValue typeName for arrTime
2018-10-04 19:05:13,359 - org.hibernate.cfg.annotations.SimpleValueBinder - DEBUG - Setting SimpleValue typeName for bussSeats
2018-10-04 19:05:13,359 - org.hibernate.cfg.annotations.SimpleValueBinder - DEBUG - Setting SimpleValue typeName for bussSeatsFare
2018-10-04 19:05:13,359 - org.hibernate.cfg.annotations.SimpleValueBinder - DEBUG - Setting SimpleValue typeName for depAirport
2018-10-04 19:05:13,359 - org.hibernate.cfg.annotations.SimpleValueBinder - DEBUG - Setting SimpleValue typeName for depCity
2018-10-04 19:05:13,359 - org.hibernate.cfg.annotations.SimpleValueBinder - DEBUG - Setting SimpleValue typeName for depDate
2018-10-04 19:05:13,359 - org.hibernate.cfg.annotations.SimpleValueBinder - DEBUG - Setting SimpleValue typeName for depTime
2018-10-04 19:05:13,359 - org.hibernate.cfg.annotations.SimpleValueBinder - DEBUG - Setting SimpleValue typeName for firstSeats
2018-10-04 19:05:13,359 - org.hibernate.cfg.annotations.SimpleValueBinder - DEBUG - Setting SimpleValue typeName for firstSeatsFare
2018-10-04 19:05:13,359 - org.hibernate.cfg.annotations.SimpleValueBinder - DEBUG - Setting SimpleValue typeName for bookingId
2018-10-04 19:05:13,359 - org.hibernate.cfg.annotations.SimpleValueBinder - DEBUG - Setting SimpleValue typeName for classType
2018-10-04 19:05:13,359 - org.hibernate.cfg.annotations.SimpleValueBinder - DEBUG - Setting SimpleValue typeName for creditCardInfo
2018-10-04 19:05:13,359 - org.hibernate.cfg.annotations.SimpleValueBinder - DEBUG - Setting SimpleValue typeName for custEmail
2018-10-04 19:05:13,359 - org.hibernate.cfg.annotations.SimpleValueBinder - DEBUG - Setting SimpleValue typeName for destCity
2018-10-04 19:05:13,359 - org.hibernate.cfg.annotations.SimpleValueBinder - DEBUG - Setting SimpleValue typeName for flightNo
2018-10-04 19:05:13,359 - org.hibernate.cfg.annotations.SimpleValueBinder - DEBUG - Setting SimpleValue typeName for noOfPassengers
2018-10-04 19:05:13,359 - org.hibernate.cfg.annotations.SimpleValueBinder - DEBUG - Setting SimpleValue typeName for seatNumber
2018-10-04 19:05:13,359 - org.hibernate.cfg.annotations.SimpleValueBinder - DEBUG - Setting SimpleValue typeName for srcCity
2018-10-04 19:05:13,359 - org.hibernate.cfg.annotations.SimpleValueBinder - DEBUG - Setting SimpleValue typeName for totalFare
2018-10-04 19:05:13,359 - org.hibernate.cfg.annotations.SimpleValueBinder - DEBUG - Setting SimpleValue typeName for username
2018-10-04 19:05:13,359 - org.hibernate.cfg.annotations.SimpleValueBinder - DEBUG - Setting SimpleValue typeName for mobileNo
2018-10-04 19:05:13,360 - org.hibernate.cfg.annotations.SimpleValueBinder - DEBUG - Setting SimpleValue typeName for password
2018-10-04 19:05:13,360 - org.hibernate.cfg.annotations.SimpleValueBinder - DEBUG - Setting SimpleValue typeName for role
2018-10-04 19:05:13,360 - org.hibernate.cfg.annotations.SimpleValueBinder - DEBUG - Setting SimpleValue typeName for abbreviation
2018-10-04 19:05:13,360 - org.hibernate.cfg.annotations.SimpleValueBinder - DEBUG - Setting SimpleValue typeName for airportName
2018-10-04 19:05:13,360 - org.hibernate.cfg.annotations.SimpleValueBinder - DEBUG - Setting SimpleValue typeName for location
2018-10-04 19:05:13,360 - org.hibernate.cfg.Configuration - DEBUG - Processing fk mappings (*ToOne and JoinedSubclass)
2018-10-04 19:05:13,361 - org.hibernate.cfg.Configuration - DEBUG - Processing extends queue
2018-10-04 19:05:13,361 - org.hibernate.cfg.Configuration - DEBUG - Processing extends queue
2018-10-04 19:05:13,361 - org.hibernate.cfg.Configuration - DEBUG - Processing collection mappings
2018-10-04 19:05:13,361 - org.hibernate.cfg.Configuration - DEBUG - Processing native query and ResultSetMapping mappings
2018-10-04 19:05:13,361 - org.hibernate.cfg.Configuration - DEBUG - Processing association property references
2018-10-04 19:05:13,361 - org.hibernate.cfg.Configuration - DEBUG - Creating tables' unique integer identifiers
2018-10-04 19:05:13,361 - org.hibernate.cfg.Configuration - DEBUG - Processing foreign key constraints
2018-10-04 19:05:13,365 - org.hibernate.cfg.SettingsFactory - DEBUG - Automatic flush during beforeCompletion(): disabled
2018-10-04 19:05:13,365 - org.hibernate.cfg.SettingsFactory - DEBUG - Automatic session close at end of transaction: disabled
2018-10-04 19:05:13,365 - org.hibernate.cfg.SettingsFactory - DEBUG - JDBC batch size: 15
2018-10-04 19:05:13,365 - org.hibernate.cfg.SettingsFactory - DEBUG - JDBC batch updates for versioned data: disabled
2018-10-04 19:05:13,365 - org.hibernate.cfg.SettingsFactory - DEBUG - Scrollable result sets: enabled
2018-10-04 19:05:13,365 - org.hibernate.cfg.SettingsFactory - DEBUG - Wrap result sets: disabled
2018-10-04 19:05:13,365 - org.hibernate.cfg.SettingsFactory - DEBUG - JDBC3 getGeneratedKeys(): disabled
2018-10-04 19:05:13,365 - org.hibernate.cfg.SettingsFactory - DEBUG - multi-tenancy strategy : NONE
2018-10-04 19:05:13,365 - org.hibernate.cfg.SettingsFactory - DEBUG - Connection release mode: auto
2018-10-04 19:05:13,365 - org.hibernate.engine.transaction.internal.TransactionFactoryInitiator - INFO - HHH000268: Transaction strategy: org.hibernate.engine.transaction.internal.jdbc.JdbcTransactionFactory
2018-10-04 19:05:13,367 - org.hibernate.cfg.SettingsFactory - DEBUG - Using BatchFetchStyle : LEGACY
2018-10-04 19:05:13,367 - org.hibernate.cfg.SettingsFactory - DEBUG - Default batch fetch size: 1
2018-10-04 19:05:13,367 - org.hibernate.cfg.SettingsFactory - DEBUG - Generate SQL with comments: disabled
2018-10-04 19:05:13,367 - org.hibernate.cfg.SettingsFactory - DEBUG - Order SQL updates by primary key: disabled
2018-10-04 19:05:13,367 - org.hibernate.cfg.SettingsFactory - DEBUG - Order SQL inserts for batching: disabled
2018-10-04 19:05:13,367 - org.hibernate.cfg.SettingsFactory - DEBUG - Default null ordering: none
2018-10-04 19:05:13,367 - org.hibernate.cfg.SettingsFactory - DEBUG - Query translator: org.hibernate.hql.internal.ast.ASTQueryTranslatorFactory
2018-10-04 19:05:13,369 - org.hibernate.hql.internal.ast.ASTQueryTranslatorFactory - INFO - HHH000397: Using ASTQueryTranslatorFactory
2018-10-04 19:05:13,369 - org.hibernate.cfg.SettingsFactory - DEBUG - Query language substitutions: {}
2018-10-04 19:05:13,369 - org.hibernate.cfg.SettingsFactory - DEBUG - JPA-QL strict compliance: enabled
2018-10-04 19:05:13,369 - org.hibernate.cfg.SettingsFactory - DEBUG - Second-level cache: enabled
2018-10-04 19:05:13,369 - org.hibernate.cfg.SettingsFactory - DEBUG - Query cache: disabled
2018-10-04 19:05:13,369 - org.hibernate.cfg.SettingsFactory - DEBUG - Cache region factory : org.hibernate.cache.internal.NoCachingRegionFactory
2018-10-04 19:05:13,369 - org.hibernate.cfg.SettingsFactory - DEBUG - org.hibernate.cache.internal.NoCachingRegionFactory did not provide constructor accepting java.util.Properties; attempting no-arg constructor.
2018-10-04 19:05:13,369 - org.hibernate.cfg.SettingsFactory - DEBUG - Optimize cache for minimal puts: disabled
2018-10-04 19:05:13,369 - org.hibernate.cfg.SettingsFactory - DEBUG - Structured second-level cache entries: disabled
2018-10-04 19:05:13,369 - org.hibernate.cfg.SettingsFactory - DEBUG - Second-level cache direct-reference entries: disabled
2018-10-04 19:05:13,369 - org.hibernate.cfg.SettingsFactory - DEBUG - Statistics: disabled
2018-10-04 19:05:13,369 - org.hibernate.cfg.SettingsFactory - DEBUG - Deleted entity synthetic identifier rollback: disabled
2018-10-04 19:05:13,369 - org.hibernate.cfg.SettingsFactory - DEBUG - Default entity-mode: pojo
2018-10-04 19:05:13,369 - org.hibernate.cfg.SettingsFactory - DEBUG - Named query checking : enabled
2018-10-04 19:05:13,369 - org.hibernate.cfg.SettingsFactory - DEBUG - Check Nullability in Core (should be disabled when Bean Validation is on): enabled
2018-10-04 19:05:13,369 - org.hibernate.cfg.SettingsFactory - DEBUG - Allow initialization of lazy state outside session : : disabled
2018-10-04 19:05:13,369 - org.hibernate.cfg.SettingsFactory - DEBUG - JTA Track by Thread: enabled
2018-10-04 19:05:13,403 - org.hibernate.internal.SessionFactoryImpl - DEBUG - Building session factory
2018-10-04 19:05:13,409 - org.hibernate.internal.SessionFactoryImpl - DEBUG - Session factory constructed with filter configurations : {}
2018-10-04 19:05:13,409 - org.hibernate.internal.SessionFactoryImpl - DEBUG - Instantiating session factory with properties: {java.runtime.name=Java(TM) SE Runtime Environment, hibernate.connection.password=lab1boracle, sun.boot.library.path=C:\Program Files\Java\jdk1.8.0_31\jre\bin, java.vm.version=25.31-b07, hibernate.connection.username=lab1btrg30, java.vm.vendor=Oracle Corporation, java.vendor.url=http://java.oracle.com/, path.separator=;, java.vm.name=Java HotSpot(TM) 64-Bit Server VM, file.encoding.pkg=sun.io, user.script=, user.country=US, sun.java.launcher=SUN_STANDARD, sun.os.patch.level=Service Pack 1, java.vm.specification.name=Java Virtual Machine Specification, user.dir=D:\Pratanu Mandal\Eclipse Workspace\AirlinesReservationSystem, java.runtime.version=1.8.0_31-b13, javax.persistence.jdbc.user=lab1btrg30, hibernate.ejb.discard_pc_on_close=false, java.awt.graphicsenv=sun.awt.Win32GraphicsEnvironment, java.endorsed.dirs=C:\Program Files\Java\jdk1.8.0_31\jre\lib\endorsed, os.arch=amd64, hibernate.connection.autocommit=true, java.io.tmpdir=C:\Users\pramanda\AppData\Local\Temp\, line.separator=
, java.vm.specification.vendor=Oracle Corporation, javax.persistence.jdbc.password=lab1boracle, user.variant=, os.name=Windows 7, sun.jnu.encoding=Cp1252, javax.persistence.jdbc.url=jdbc:oracle:thin:@10.51.103.201:1521:ORCL11G, java.library.path=C:\Program Files\Java\jdk1.8.0_31\bin;C:\Windows\Sun\Java\bin;C:\Windows\system32;C:\Windows;C:/Program Files/Java/jre1.8.0_31/bin/server;C:/Program Files/Java/jre1.8.0_31/bin;C:/Program Files/Java/jre1.8.0_31/lib/amd64;C:\ProgramData\Oracle\Java\javapath;C:\oraclexe\app\oracle\product\11.2.0\server\bin;C:\Windows\system32;C:\Windows;C:\Windows\System32\Wbem;C:\Windows\System32\WindowsPowerShell\v1.0\;C:\Program Files (x86)\QuickTime\QTSystem\;C:\Program Files\CapgeminiScripts\Support Tools\;C:\Program Files\nodejs\;C:\Program Files\Git\cmd;C:\Program Files\Java\jdk1.8.0_31\bin;D:\apache-maven-3.3.9\bin;C:\Users\pramanda\AppData\Local\Programs\Git\cmd;C:\Program Files\MongoDB\Server\3.2\bin;C:\Program Files\Docker Toolbox;;D:\Eclipse_Photon\eclipse;;., javax.persistence.jdbc.driver=oracle.jdbc.driver.OracleDriver, java.specification.name=Java Platform API Specification, java.class.version=52.0, sun.management.compiler=HotSpot 64-Bit Tiered Compilers, hibernate.transaction.factory_class=org.hibernate.engine.transaction.internal.jdbc.JdbcTransactionFactory, os.version=6.1, user.home=C:\Users\pramanda, user.timezone=Asia/Calcutta, java.awt.printerjob=sun.awt.windows.WPrinterJob, hibernate.connection.release_mode=auto, java.specification.version=1.8, file.encoding=UTF-8, hibernate.connection.driver_class=oracle.jdbc.driver.OracleDriver, user.name=pramanda, java.class.path=D:\Pratanu Mandal\Eclipse Workspace\AirlinesReservationSystem\target\test-classes;D:\Pratanu Mandal\Eclipse Workspace\AirlinesReservationSystem\target\classes;D:\Maven\repository\junit\junit\4.11\junit-4.11.jar;D:\Maven\repository\org\hamcrest\hamcrest-core\1.3\hamcrest-core-1.3.jar;D:\Maven\repository\org\eclipse\persistence\javax.persistence\2.0.0\javax.persistence-2.0.0.jar;D:\Maven\repository\com\oracle\ojdbc6\11.2.0.2\ojdbc6-11.2.0.2.jar;D:\Maven\repository\org\hibernate\hibernate-entitymanager\4.2.8.Final\hibernate-entitymanager-4.2.8.Final.jar;D:\Maven\repository\org\jboss\logging\jboss-logging\3.1.0.GA\jboss-logging-3.1.0.GA.jar;D:\Maven\repository\org\hibernate\hibernate-core\4.2.8.Final\hibernate-core-4.2.8.Final.jar;D:\Maven\repository\antlr\antlr\2.7.7\antlr-2.7.7.jar;D:\Maven\repository\dom4j\dom4j\1.6.1\dom4j-1.6.1.jar;D:\Maven\repository\org\javassist\javassist\3.18.1-GA\javassist-3.18.1-GA.jar;D:\Maven\repository\org\jboss\spec\javax\transaction\jboss-transaction-api_1.1_spec\1.0.1.Final\jboss-transaction-api_1.1_spec-1.0.1.Final.jar;D:\Maven\repository\org\hibernate\javax\persistence\hibernate-jpa-2.0-api\1.0.1.Final\hibernate-jpa-2.0-api-1.0.1.Final.jar;D:\Maven\repository\org\hibernate\common\hibernate-commons-annotations\4.0.2.Final\hibernate-commons-annotations-4.0.2.Final.jar;D:\Maven\repository\org\springframework\spring-core\5.1.0.RELEASE\spring-core-5.1.0.RELEASE.jar;D:\Maven\repository\org\springframework\spring-jcl\5.1.0.RELEASE\spring-jcl-5.1.0.RELEASE.jar;D:\Maven\repository\de\mkammerer\argon2-jvm\2.4\argon2-jvm-2.4.jar;D:\Maven\repository\net\java\dev\jna\jna\4.5.0\jna-4.5.0.jar;D:\Maven\repository\log4j\log4j\1.2.17\log4j-1.2.17.jar;D:\Eclipse_Photon\eclipse\configuration\org.eclipse.osgi\417\0\.cp;D:\Eclipse_Photon\eclipse\configuration\org.eclipse.osgi\416\0\.cp, hibernate.bytecode.use_reflection_optimizer=false, hibernate.use_identifier_rollback=false, java.vm.specification.version=1.8, sun.arch.data.model=64, java.home=C:\Program Files\Java\jdk1.8.0_31\jre, sun.java.command=org.eclipse.jdt.internal.junit.runner.RemoteTestRunner -version 3 -port 50096 -testLoaderClass org.eclipse.jdt.internal.junit4.runner.JUnit4TestLoader -loaderpluginname org.eclipse.jdt.junit4.runtime -classNames com.cg.ars.service.FlightServiceTest, hibernate.connection.url=jdbc:oracle:thin:@10.51.103.201:1521:ORCL11G, java.specification.vendor=Oracle Corporation, user.language=en, awt.toolkit=sun.awt.windows.WToolkit, java.vm.info=mixed mode, java.version=1.8.0_31, hibernate.transaction.flush_before_completion=false, java.ext.dirs=C:\Program Files\Java\jdk1.8.0_31\jre\lib\ext;C:\Windows\Sun\Java\lib\ext, sun.boot.class.path=C:\Program Files\Java\jdk1.8.0_31\jre\lib\resources.jar;C:\Program Files\Java\jdk1.8.0_31\jre\lib\rt.jar;C:\Program Files\Java\jdk1.8.0_31\jre\lib\sunrsasign.jar;C:\Program Files\Java\jdk1.8.0_31\jre\lib\jsse.jar;C:\Program Files\Java\jdk1.8.0_31\jre\lib\jce.jar;C:\Program Files\Java\jdk1.8.0_31\jre\lib\charsets.jar;C:\Program Files\Java\jdk1.8.0_31\jre\lib\jfr.jar;C:\Program Files\Java\jdk1.8.0_31\jre\classes, java.vendor=Oracle Corporation, file.separator=\, java.vendor.url.bug=http://bugreport.sun.com/bugreport/, sun.cpu.endian=little, sun.io.unicode.encoding=UnicodeLittle, hibernate.query.jpaql_strict_compliance=true, sun.desktop=windows, sun.cpu.isalist=amd64}
2018-10-04 19:05:13,451 - org.hibernate.id.factory.internal.DefaultIdentifierGeneratorFactory - DEBUG - Setting dialect [org.hibernate.dialect.Oracle10gDialect]
2018-10-04 19:05:13,451 - org.hibernate.id.factory.internal.DefaultIdentifierGeneratorFactory - DEBUG - Setting dialect [org.hibernate.dialect.Oracle10gDialect]
2018-10-04 19:05:13,451 - org.hibernate.id.factory.internal.DefaultIdentifierGeneratorFactory - DEBUG - Setting dialect [org.hibernate.dialect.Oracle10gDialect]
2018-10-04 19:05:13,451 - org.hibernate.id.factory.internal.DefaultIdentifierGeneratorFactory - DEBUG - Setting dialect [org.hibernate.dialect.Oracle10gDialect]
2018-10-04 19:05:13,498 - org.hibernate.persister.entity.AbstractEntityPersister - DEBUG - Static SQL for entity: com.cg.ars.dto.User
2018-10-04 19:05:13,498 - org.hibernate.persister.entity.AbstractEntityPersister - DEBUG -  Version select: select USERNAME from USERS where USERNAME =?
2018-10-04 19:05:13,498 - org.hibernate.persister.entity.AbstractEntityPersister - DEBUG -  Snapshot select: select user_.USERNAME, user_.MOBILE_NO as MOBILE_N2_3_, user_.PASSWORD as PASSWORD3_3_, user_.ROLE as ROLE4_3_ from USERS user_ where user_.USERNAME=?
2018-10-04 19:05:13,498 - org.hibernate.persister.entity.AbstractEntityPersister - DEBUG -  Insert 0: insert into USERS (MOBILE_NO, PASSWORD, ROLE, USERNAME) values (?, ?, ?, ?)
2018-10-04 19:05:13,498 - org.hibernate.persister.entity.AbstractEntityPersister - DEBUG -  Update 0: update USERS set MOBILE_NO=?, PASSWORD=?, ROLE=? where USERNAME=?
2018-10-04 19:05:13,498 - org.hibernate.persister.entity.AbstractEntityPersister - DEBUG -  Delete 0: delete from USERS where USERNAME=?
2018-10-04 19:05:13,500 - org.hibernate.persister.entity.AbstractEntityPersister - DEBUG - Static SQL for entity: com.cg.ars.dto.Airport
2018-10-04 19:05:13,500 - org.hibernate.persister.entity.AbstractEntityPersister - DEBUG -  Version select: select ABBREVIATION from AIRPORTS where ABBREVIATION =?
2018-10-04 19:05:13,500 - org.hibernate.persister.entity.AbstractEntityPersister - DEBUG -  Snapshot select: select airport_.ABBREVIATION, airport_.AIRPORTNAME as AIRPORTN2_0_, airport_.LOCATION as LOCATION3_0_ from AIRPORTS airport_ where airport_.ABBREVIATION=?
2018-10-04 19:05:13,500 - org.hibernate.persister.entity.AbstractEntityPersister - DEBUG -  Insert 0: insert into AIRPORTS (AIRPORTNAME, LOCATION, ABBREVIATION) values (?, ?, ?)
2018-10-04 19:05:13,500 - org.hibernate.persister.entity.AbstractEntityPersister - DEBUG -  Update 0: update AIRPORTS set AIRPORTNAME=?, LOCATION=? where ABBREVIATION=?
2018-10-04 19:05:13,500 - org.hibernate.persister.entity.AbstractEntityPersister - DEBUG -  Delete 0: delete from AIRPORTS where ABBREVIATION=?
2018-10-04 19:05:13,504 - org.hibernate.persister.entity.AbstractEntityPersister - DEBUG - Static SQL for entity: com.cg.ars.dto.Booking
2018-10-04 19:05:13,504 - org.hibernate.persister.entity.AbstractEntityPersister - DEBUG -  Version select: select BOOKING_ID from BOOKINGS where BOOKING_ID =?
2018-10-04 19:05:13,504 - org.hibernate.persister.entity.AbstractEntityPersister - DEBUG -  Snapshot select: select booking_.BOOKING_ID, booking_.CLASS_TYPE as CLASS_TY2_1_, booking_.CREDITCARD_INFO as CREDITCA3_1_, booking_.CUST_EMAIL as CUST_EMA4_1_, booking_.DEST_CITY as DEST_CIT5_1_, booking_.FLIGHT_NO as FLIGHT_N6_1_, booking_.NO_OF_PASSENGERS as NO_OF_PA7_1_, booking_.SEAT_NUMBER as SEAT_NUM8_1_, booking_.SRC_CITY as SRC_CITY9_1_, booking_.TOTAL_FARE as TOTAL_F10_1_ from BOOKINGS booking_ where booking_.BOOKING_ID=?
2018-10-04 19:05:13,504 - org.hibernate.persister.entity.AbstractEntityPersister - DEBUG -  Insert 0: insert into BOOKINGS (CLASS_TYPE, CREDITCARD_INFO, CUST_EMAIL, DEST_CITY, FLIGHT_NO, NO_OF_PASSENGERS, SEAT_NUMBER, SRC_CITY, TOTAL_FARE, BOOKING_ID) values (?, ?, ?, ?, ?, ?, ?, ?, ?, ?)
2018-10-04 19:05:13,504 - org.hibernate.persister.entity.AbstractEntityPersister - DEBUG -  Update 0: update BOOKINGS set CLASS_TYPE=?, CREDITCARD_INFO=?, CUST_EMAIL=?, DEST_CITY=?, FLIGHT_NO=?, NO_OF_PASSENGERS=?, SEAT_NUMBER=?, SRC_CITY=?, TOTAL_FARE=? where BOOKING_ID=?
2018-10-04 19:05:13,504 - org.hibernate.persister.entity.AbstractEntityPersister - DEBUG -  Delete 0: delete from BOOKINGS where BOOKING_ID=?
2018-10-04 19:05:13,508 - org.hibernate.persister.entity.AbstractEntityPersister - DEBUG - Static SQL for entity: com.cg.ars.dto.Flight
2018-10-04 19:05:13,508 - org.hibernate.persister.entity.AbstractEntityPersister - DEBUG -  Version select: select FLIGHT_NO from FLIGHTS where FLIGHT_NO =?
2018-10-04 19:05:13,508 - org.hibernate.persister.entity.AbstractEntityPersister - DEBUG -  Snapshot select: select flight_.FLIGHT_NO, flight_.AIRLINE as AIRLINE2_2_, flight_.ARR_AIRPORT as ARR_AIRP3_2_, flight_.ARR_CITY as ARR_CITY4_2_, flight_.ARR_DATE as ARR_DATE5_2_, flight_.ARR_TIME as ARR_TIME6_2_, flight_.BUSSSEATS as BUSSSEAT7_2_, flight_.BUSSSEATSFARE as BUSSSEAT8_2_, flight_.DEP_AIRPORT as DEP_AIRP9_2_, flight_.DEP_CITY as DEP_CIT10_2_, flight_.DEP_DATE as DEP_DAT11_2_, flight_.DEP_TIME as DEP_TIM12_2_, flight_.FIRSTSEATS as FIRSTSE13_2_, flight_.FIRSTSEATFARE as FIRSTSE14_2_ from FLIGHTS flight_ where flight_.FLIGHT_NO=?
2018-10-04 19:05:13,508 - org.hibernate.persister.entity.AbstractEntityPersister - DEBUG -  Insert 0: insert into FLIGHTS (AIRLINE, ARR_AIRPORT, ARR_CITY, ARR_DATE, ARR_TIME, BUSSSEATS, BUSSSEATSFARE, DEP_AIRPORT, DEP_CITY, DEP_DATE, DEP_TIME, FIRSTSEATS, FIRSTSEATFARE, FLIGHT_NO) values (?, ?, ?, ?, ?, ?, ?, ?, ?, ?, ?, ?, ?, ?)
2018-10-04 19:05:13,508 - org.hibernate.persister.entity.AbstractEntityPersister - DEBUG -  Update 0: update FLIGHTS set AIRLINE=?, ARR_AIRPORT=?, ARR_CITY=?, ARR_DATE=?, ARR_TIME=?, BUSSSEATS=?, BUSSSEATSFARE=?, DEP_AIRPORT=?, DEP_CITY=?, DEP_DATE=?, DEP_TIME=?, FIRSTSEATS=?, FIRSTSEATFARE=? where FLIGHT_NO=?
2018-10-04 19:05:13,508 - org.hibernate.persister.entity.AbstractEntityPersister - DEBUG -  Delete 0: delete from FLIGHTS where FLIGHT_NO=?
2018-10-04 19:05:13,520 - org.hibernate.loader.Loader - DEBUG - Static select for entity com.cg.ars.dto.User [NONE]: select user0_.USERNAME as USERNAME1_3_0_, user0_.MOBILE_NO as MOBILE_N2_3_0_, user0_.PASSWORD as PASSWORD3_3_0_, user0_.ROLE as ROLE4_3_0_ from USERS user0_ where user0_.USERNAME=?
2018-10-04 19:05:13,520 - org.hibernate.loader.Loader - DEBUG - Static select for entity com.cg.ars.dto.User [READ]: select user0_.USERNAME as USERNAME1_3_0_, user0_.MOBILE_NO as MOBILE_N2_3_0_, user0_.PASSWORD as PASSWORD3_3_0_, user0_.ROLE as ROLE4_3_0_ from USERS user0_ where user0_.USERNAME=?
2018-10-04 19:05:13,520 - org.hibernate.loader.Loader - DEBUG - Static select for entity com.cg.ars.dto.User [UPGRADE]: select user0_.USERNAME as USERNAME1_3_0_, user0_.MOBILE_NO as MOBILE_N2_3_0_, user0_.PASSWORD as PASSWORD3_3_0_, user0_.ROLE as ROLE4_3_0_ from USERS user0_ where user0_.USERNAME=? for update
2018-10-04 19:05:13,520 - org.hibernate.loader.Loader - DEBUG - Static select for entity com.cg.ars.dto.User [UPGRADE_NOWAIT]: select user0_.USERNAME as USERNAME1_3_0_, user0_.MOBILE_NO as MOBILE_N2_3_0_, user0_.PASSWORD as PASSWORD3_3_0_, user0_.ROLE as ROLE4_3_0_ from USERS user0_ where user0_.USERNAME=? for update nowait
2018-10-04 19:05:13,521 - org.hibernate.loader.Loader - DEBUG - Static select for entity com.cg.ars.dto.User [FORCE]: select user0_.USERNAME as USERNAME1_3_0_, user0_.MOBILE_NO as MOBILE_N2_3_0_, user0_.PASSWORD as PASSWORD3_3_0_, user0_.ROLE as ROLE4_3_0_ from USERS user0_ where user0_.USERNAME=? for update nowait
2018-10-04 19:05:13,521 - org.hibernate.loader.Loader - DEBUG - Static select for entity com.cg.ars.dto.User [PESSIMISTIC_READ]: select user0_.USERNAME as USERNAME1_3_0_, user0_.MOBILE_NO as MOBILE_N2_3_0_, user0_.PASSWORD as PASSWORD3_3_0_, user0_.ROLE as ROLE4_3_0_ from USERS user0_ where user0_.USERNAME=? for update
2018-10-04 19:05:13,521 - org.hibernate.loader.Loader - DEBUG - Static select for entity com.cg.ars.dto.User [PESSIMISTIC_WRITE]: select user0_.USERNAME as USERNAME1_3_0_, user0_.MOBILE_NO as MOBILE_N2_3_0_, user0_.PASSWORD as PASSWORD3_3_0_, user0_.ROLE as ROLE4_3_0_ from USERS user0_ where user0_.USERNAME=? for update
2018-10-04 19:05:13,521 - org.hibernate.loader.Loader - DEBUG - Static select for entity com.cg.ars.dto.User [PESSIMISTIC_FORCE_INCREMENT]: select user0_.USERNAME as USERNAME1_3_0_, user0_.MOBILE_NO as MOBILE_N2_3_0_, user0_.PASSWORD as PASSWORD3_3_0_, user0_.ROLE as ROLE4_3_0_ from USERS user0_ where user0_.USERNAME=? for update nowait
2018-10-04 19:05:13,521 - org.hibernate.loader.Loader - DEBUG - Static select for entity com.cg.ars.dto.User [OPTIMISTIC]: select user0_.USERNAME as USERNAME1_3_0_, user0_.MOBILE_NO as MOBILE_N2_3_0_, user0_.PASSWORD as PASSWORD3_3_0_, user0_.ROLE as ROLE4_3_0_ from USERS user0_ where user0_.USERNAME=?
2018-10-04 19:05:13,521 - org.hibernate.loader.Loader - DEBUG - Static select for entity com.cg.ars.dto.User [OPTIMISTIC_FORCE_INCREMENT]: select user0_.USERNAME as USERNAME1_3_0_, user0_.MOBILE_NO as MOBILE_N2_3_0_, user0_.PASSWORD as PASSWORD3_3_0_, user0_.ROLE as ROLE4_3_0_ from USERS user0_ where user0_.USERNAME=?
2018-10-04 19:05:13,525 - org.hibernate.loader.Loader - DEBUG - Static select for action ACTION_MERGE on entity com.cg.ars.dto.User: select user0_.USERNAME as USERNAME1_3_0_, user0_.MOBILE_NO as MOBILE_N2_3_0_, user0_.PASSWORD as PASSWORD3_3_0_, user0_.ROLE as ROLE4_3_0_ from USERS user0_ where user0_.USERNAME=?
2018-10-04 19:05:13,525 - org.hibernate.loader.Loader - DEBUG - Static select for action ACTION_REFRESH on entity com.cg.ars.dto.User: select user0_.USERNAME as USERNAME1_3_0_, user0_.MOBILE_NO as MOBILE_N2_3_0_, user0_.PASSWORD as PASSWORD3_3_0_, user0_.ROLE as ROLE4_3_0_ from USERS user0_ where user0_.USERNAME=?
2018-10-04 19:05:13,525 - org.hibernate.loader.Loader - DEBUG - Static select for entity com.cg.ars.dto.Airport [NONE]: select airport0_.ABBREVIATION as ABBREVIA1_0_0_, airport0_.AIRPORTNAME as AIRPORTN2_0_0_, airport0_.LOCATION as LOCATION3_0_0_ from AIRPORTS airport0_ where airport0_.ABBREVIATION=?
2018-10-04 19:05:13,525 - org.hibernate.loader.Loader - DEBUG - Static select for entity com.cg.ars.dto.Airport [READ]: select airport0_.ABBREVIATION as ABBREVIA1_0_0_, airport0_.AIRPORTNAME as AIRPORTN2_0_0_, airport0_.LOCATION as LOCATION3_0_0_ from AIRPORTS airport0_ where airport0_.ABBREVIATION=?
2018-10-04 19:05:13,525 - org.hibernate.loader.Loader - DEBUG - Static select for entity com.cg.ars.dto.Airport [UPGRADE]: select airport0_.ABBREVIATION as ABBREVIA1_0_0_, airport0_.AIRPORTNAME as AIRPORTN2_0_0_, airport0_.LOCATION as LOCATION3_0_0_ from AIRPORTS airport0_ where airport0_.ABBREVIATION=? for update
2018-10-04 19:05:13,525 - org.hibernate.loader.Loader - DEBUG - Static select for entity com.cg.ars.dto.Airport [UPGRADE_NOWAIT]: select airport0_.ABBREVIATION as ABBREVIA1_0_0_, airport0_.AIRPORTNAME as AIRPORTN2_0_0_, airport0_.LOCATION as LOCATION3_0_0_ from AIRPORTS airport0_ where airport0_.ABBREVIATION=? for update nowait
2018-10-04 19:05:13,525 - org.hibernate.loader.Loader - DEBUG - Static select for entity com.cg.ars.dto.Airport [FORCE]: select airport0_.ABBREVIATION as ABBREVIA1_0_0_, airport0_.AIRPORTNAME as AIRPORTN2_0_0_, airport0_.LOCATION as LOCATION3_0_0_ from AIRPORTS airport0_ where airport0_.ABBREVIATION=? for update nowait
2018-10-04 19:05:13,525 - org.hibernate.loader.Loader - DEBUG - Static select for entity com.cg.ars.dto.Airport [PESSIMISTIC_READ]: select airport0_.ABBREVIATION as ABBREVIA1_0_0_, airport0_.AIRPORTNAME as AIRPORTN2_0_0_, airport0_.LOCATION as LOCATION3_0_0_ from AIRPORTS airport0_ where airport0_.ABBREVIATION=? for update
2018-10-04 19:05:13,525 - org.hibernate.loader.Loader - DEBUG - Static select for entity com.cg.ars.dto.Airport [PESSIMISTIC_WRITE]: select airport0_.ABBREVIATION as ABBREVIA1_0_0_, airport0_.AIRPORTNAME as AIRPORTN2_0_0_, airport0_.LOCATION as LOCATION3_0_0_ from AIRPORTS airport0_ where airport0_.ABBREVIATION=? for update
2018-10-04 19:05:13,525 - org.hibernate.loader.Loader - DEBUG - Static select for entity com.cg.ars.dto.Airport [PESSIMISTIC_FORCE_INCREMENT]: select airport0_.ABBREVIATION as ABBREVIA1_0_0_, airport0_.AIRPORTNAME as AIRPORTN2_0_0_, airport0_.LOCATION as LOCATION3_0_0_ from AIRPORTS airport0_ where airport0_.ABBREVIATION=? for update nowait
2018-10-04 19:05:13,525 - org.hibernate.loader.Loader - DEBUG - Static select for entity com.cg.ars.dto.Airport [OPTIMISTIC]: select airport0_.ABBREVIATION as ABBREVIA1_0_0_, airport0_.AIRPORTNAME as AIRPORTN2_0_0_, airport0_.LOCATION as LOCATION3_0_0_ from AIRPORTS airport0_ where airport0_.ABBREVIATION=?
2018-10-04 19:05:13,526 - org.hibernate.loader.Loader - DEBUG - Static select for entity com.cg.ars.dto.Airport [OPTIMISTIC_FORCE_INCREMENT]: select airport0_.ABBREVIATION as ABBREVIA1_0_0_, airport0_.AIRPORTNAME as AIRPORTN2_0_0_, airport0_.LOCATION as LOCATION3_0_0_ from AIRPORTS airport0_ where airport0_.ABBREVIATION=?
2018-10-04 19:05:13,526 - org.hibernate.loader.Loader - DEBUG - Static select for action ACTION_MERGE on entity com.cg.ars.dto.Airport: select airport0_.ABBREVIATION as ABBREVIA1_0_0_, airport0_.AIRPORTNAME as AIRPORTN2_0_0_, airport0_.LOCATION as LOCATION3_0_0_ from AIRPORTS airport0_ where airport0_.ABBREVIATION=?
2018-10-04 19:05:13,526 - org.hibernate.loader.Loader - DEBUG - Static select for action ACTION_REFRESH on entity com.cg.ars.dto.Airport: select airport0_.ABBREVIATION as ABBREVIA1_0_0_, airport0_.AIRPORTNAME as AIRPORTN2_0_0_, airport0_.LOCATION as LOCATION3_0_0_ from AIRPORTS airport0_ where airport0_.ABBREVIATION=?
2018-10-04 19:05:13,526 - org.hibernate.loader.Loader - DEBUG - Static select for entity com.cg.ars.dto.Booking [NONE]: select booking0_.BOOKING_ID as BOOKING_1_1_0_, booking0_.CLASS_TYPE as CLASS_TY2_1_0_, booking0_.CREDITCARD_INFO as CREDITCA3_1_0_, booking0_.CUST_EMAIL as CUST_EMA4_1_0_, booking0_.DEST_CITY as DEST_CIT5_1_0_, booking0_.FLIGHT_NO as FLIGHT_N6_1_0_, booking0_.NO_OF_PASSENGERS as NO_OF_PA7_1_0_, booking0_.SEAT_NUMBER as SEAT_NUM8_1_0_, booking0_.SRC_CITY as SRC_CITY9_1_0_, booking0_.TOTAL_FARE as TOTAL_F10_1_0_ from BOOKINGS booking0_ where booking0_.BOOKING_ID=?
2018-10-04 19:05:13,526 - org.hibernate.loader.Loader - DEBUG - Static select for entity com.cg.ars.dto.Booking [READ]: select booking0_.BOOKING_ID as BOOKING_1_1_0_, booking0_.CLASS_TYPE as CLASS_TY2_1_0_, booking0_.CREDITCARD_INFO as CREDITCA3_1_0_, booking0_.CUST_EMAIL as CUST_EMA4_1_0_, booking0_.DEST_CITY as DEST_CIT5_1_0_, booking0_.FLIGHT_NO as FLIGHT_N6_1_0_, booking0_.NO_OF_PASSENGERS as NO_OF_PA7_1_0_, booking0_.SEAT_NUMBER as SEAT_NUM8_1_0_, booking0_.SRC_CITY as SRC_CITY9_1_0_, booking0_.TOTAL_FARE as TOTAL_F10_1_0_ from BOOKINGS booking0_ where booking0_.BOOKING_ID=?
2018-10-04 19:05:13,526 - org.hibernate.loader.Loader - DEBUG - Static select for entity com.cg.ars.dto.Booking [UPGRADE]: select booking0_.BOOKING_ID as BOOKING_1_1_0_, booking0_.CLASS_TYPE as CLASS_TY2_1_0_, booking0_.CREDITCARD_INFO as CREDITCA3_1_0_, booking0_.CUST_EMAIL as CUST_EMA4_1_0_, booking0_.DEST_CITY as DEST_CIT5_1_0_, booking0_.FLIGHT_NO as FLIGHT_N6_1_0_, booking0_.NO_OF_PASSENGERS as NO_OF_PA7_1_0_, booking0_.SEAT_NUMBER as SEAT_NUM8_1_0_, booking0_.SRC_CITY as SRC_CITY9_1_0_, booking0_.TOTAL_FARE as TOTAL_F10_1_0_ from BOOKINGS booking0_ where booking0_.BOOKING_ID=? for update
2018-10-04 19:05:13,526 - org.hibernate.loader.Loader - DEBUG - Static select for entity com.cg.ars.dto.Booking [UPGRADE_NOWAIT]: select booking0_.BOOKING_ID as BOOKING_1_1_0_, booking0_.CLASS_TYPE as CLASS_TY2_1_0_, booking0_.CREDITCARD_INFO as CREDITCA3_1_0_, booking0_.CUST_EMAIL as CUST_EMA4_1_0_, booking0_.DEST_CITY as DEST_CIT5_1_0_, booking0_.FLIGHT_NO as FLIGHT_N6_1_0_, booking0_.NO_OF_PASSENGERS as NO_OF_PA7_1_0_, booking0_.SEAT_NUMBER as SEAT_NUM8_1_0_, booking0_.SRC_CITY as SRC_CITY9_1_0_, booking0_.TOTAL_FARE as TOTAL_F10_1_0_ from BOOKINGS booking0_ where booking0_.BOOKING_ID=? for update nowait
2018-10-04 19:05:13,527 - org.hibernate.loader.Loader - DEBUG - Static select for entity com.cg.ars.dto.Booking [FORCE]: select booking0_.BOOKING_ID as BOOKING_1_1_0_, booking0_.CLASS_TYPE as CLASS_TY2_1_0_, booking0_.CREDITCARD_INFO as CREDITCA3_1_0_, booking0_.CUST_EMAIL as CUST_EMA4_1_0_, booking0_.DEST_CITY as DEST_CIT5_1_0_, booking0_.FLIGHT_NO as FLIGHT_N6_1_0_, booking0_.NO_OF_PASSENGERS as NO_OF_PA7_1_0_, booking0_.SEAT_NUMBER as SEAT_NUM8_1_0_, booking0_.SRC_CITY as SRC_CITY9_1_0_, booking0_.TOTAL_FARE as TOTAL_F10_1_0_ from BOOKINGS booking0_ where booking0_.BOOKING_ID=? for update nowait
2018-10-04 19:05:13,527 - org.hibernate.loader.Loader - DEBUG - Static select for entity com.cg.ars.dto.Booking [PESSIMISTIC_READ]: select booking0_.BOOKING_ID as BOOKING_1_1_0_, booking0_.CLASS_TYPE as CLASS_TY2_1_0_, booking0_.CREDITCARD_INFO as CREDITCA3_1_0_, booking0_.CUST_EMAIL as CUST_EMA4_1_0_, booking0_.DEST_CITY as DEST_CIT5_1_0_, booking0_.FLIGHT_NO as FLIGHT_N6_1_0_, booking0_.NO_OF_PASSENGERS as NO_OF_PA7_1_0_, booking0_.SEAT_NUMBER as SEAT_NUM8_1_0_, booking0_.SRC_CITY as SRC_CITY9_1_0_, booking0_.TOTAL_FARE as TOTAL_F10_1_0_ from BOOKINGS booking0_ where booking0_.BOOKING_ID=? for update
2018-10-04 19:05:13,527 - org.hibernate.loader.Loader - DEBUG - Static select for entity com.cg.ars.dto.Booking [PESSIMISTIC_WRITE]: select booking0_.BOOKING_ID as BOOKING_1_1_0_, booking0_.CLASS_TYPE as CLASS_TY2_1_0_, booking0_.CREDITCARD_INFO as CREDITCA3_1_0_, booking0_.CUST_EMAIL as CUST_EMA4_1_0_, booking0_.DEST_CITY as DEST_CIT5_1_0_, booking0_.FLIGHT_NO as FLIGHT_N6_1_0_, booking0_.NO_OF_PASSENGERS as NO_OF_PA7_1_0_, booking0_.SEAT_NUMBER as SEAT_NUM8_1_0_, booking0_.SRC_CITY as SRC_CITY9_1_0_, booking0_.TOTAL_FARE as TOTAL_F10_1_0_ from BOOKINGS booking0_ where booking0_.BOOKING_ID=? for update
2018-10-04 19:05:13,527 - org.hibernate.loader.Loader - DEBUG - Static select for entity com.cg.ars.dto.Booking [PESSIMISTIC_FORCE_INCREMENT]: select booking0_.BOOKING_ID as BOOKING_1_1_0_, booking0_.CLASS_TYPE as CLASS_TY2_1_0_, booking0_.CREDITCARD_INFO as CREDITCA3_1_0_, booking0_.CUST_EMAIL as CUST_EMA4_1_0_, booking0_.DEST_CITY as DEST_CIT5_1_0_, booking0_.FLIGHT_NO as FLIGHT_N6_1_0_, booking0_.NO_OF_PASSENGERS as NO_OF_PA7_1_0_, booking0_.SEAT_NUMBER as SEAT_NUM8_1_0_, booking0_.SRC_CITY as SRC_CITY9_1_0_, booking0_.TOTAL_FARE as TOTAL_F10_1_0_ from BOOKINGS booking0_ where booking0_.BOOKING_ID=? for update nowait
2018-10-04 19:05:13,527 - org.hibernate.loader.Loader - DEBUG - Static select for entity com.cg.ars.dto.Booking [OPTIMISTIC]: select booking0_.BOOKING_ID as BOOKING_1_1_0_, booking0_.CLASS_TYPE as CLASS_TY2_1_0_, booking0_.CREDITCARD_INFO as CREDITCA3_1_0_, booking0_.CUST_EMAIL as CUST_EMA4_1_0_, booking0_.DEST_CITY as DEST_CIT5_1_0_, booking0_.FLIGHT_NO as FLIGHT_N6_1_0_, booking0_.NO_OF_PASSENGERS as NO_OF_PA7_1_0_, booking0_.SEAT_NUMBER as SEAT_NUM8_1_0_, booking0_.SRC_CITY as SRC_CITY9_1_0_, booking0_.TOTAL_FARE as TOTAL_F10_1_0_ from BOOKINGS booking0_ where booking0_.BOOKING_ID=?
2018-10-04 19:05:13,527 - org.hibernate.loader.Loader - DEBUG - Static select for entity com.cg.ars.dto.Booking [OPTIMISTIC_FORCE_INCREMENT]: select booking0_.BOOKING_ID as BOOKING_1_1_0_, booking0_.CLASS_TYPE as CLASS_TY2_1_0_, booking0_.CREDITCARD_INFO as CREDITCA3_1_0_, booking0_.CUST_EMAIL as CUST_EMA4_1_0_, booking0_.DEST_CITY as DEST_CIT5_1_0_, booking0_.FLIGHT_NO as FLIGHT_N6_1_0_, booking0_.NO_OF_PASSENGERS as NO_OF_PA7_1_0_, booking0_.SEAT_NUMBER as SEAT_NUM8_1_0_, booking0_.SRC_CITY as SRC_CITY9_1_0_, booking0_.TOTAL_FARE as TOTAL_F10_1_0_ from BOOKINGS booking0_ where booking0_.BOOKING_ID=?
2018-10-04 19:05:13,527 - org.hibernate.loader.Loader - DEBUG - Static select for action ACTION_MERGE on entity com.cg.ars.dto.Booking: select booking0_.BOOKING_ID as BOOKING_1_1_0_, booking0_.CLASS_TYPE as CLASS_TY2_1_0_, booking0_.CREDITCARD_INFO as CREDITCA3_1_0_, booking0_.CUST_EMAIL as CUST_EMA4_1_0_, booking0_.DEST_CITY as DEST_CIT5_1_0_, booking0_.FLIGHT_NO as FLIGHT_N6_1_0_, booking0_.NO_OF_PASSENGERS as NO_OF_PA7_1_0_, booking0_.SEAT_NUMBER as SEAT_NUM8_1_0_, booking0_.SRC_CITY as SRC_CITY9_1_0_, booking0_.TOTAL_FARE as TOTAL_F10_1_0_ from BOOKINGS booking0_ where booking0_.BOOKING_ID=?
2018-10-04 19:05:13,527 - org.hibernate.loader.Loader - DEBUG - Static select for action ACTION_REFRESH on entity com.cg.ars.dto.Booking: select booking0_.BOOKING_ID as BOOKING_1_1_0_, booking0_.CLASS_TYPE as CLASS_TY2_1_0_, booking0_.CREDITCARD_INFO as CREDITCA3_1_0_, booking0_.CUST_EMAIL as CUST_EMA4_1_0_, booking0_.DEST_CITY as DEST_CIT5_1_0_, booking0_.FLIGHT_NO as FLIGHT_N6_1_0_, booking0_.NO_OF_PASSENGERS as NO_OF_PA7_1_0_, booking0_.SEAT_NUMBER as SEAT_NUM8_1_0_, booking0_.SRC_CITY as SRC_CITY9_1_0_, booking0_.TOTAL_FARE as TOTAL_F10_1_0_ from BOOKINGS booking0_ where booking0_.BOOKING_ID=?
2018-10-04 19:05:13,527 - org.hibernate.loader.Loader - DEBUG - Static select for entity com.cg.ars.dto.Flight [NONE]: select flight0_.FLIGHT_NO as FLIGHT_N1_2_0_, flight0_.AIRLINE as AIRLINE2_2_0_, flight0_.ARR_AIRPORT as ARR_AIRP3_2_0_, flight0_.ARR_CITY as ARR_CITY4_2_0_, flight0_.ARR_DATE as ARR_DATE5_2_0_, flight0_.ARR_TIME as ARR_TIME6_2_0_, flight0_.BUSSSEATS as BUSSSEAT7_2_0_, flight0_.BUSSSEATSFARE as BUSSSEAT8_2_0_, flight0_.DEP_AIRPORT as DEP_AIRP9_2_0_, flight0_.DEP_CITY as DEP_CIT10_2_0_, flight0_.DEP_DATE as DEP_DAT11_2_0_, flight0_.DEP_TIME as DEP_TIM12_2_0_, flight0_.FIRSTSEATS as FIRSTSE13_2_0_, flight0_.FIRSTSEATFARE as FIRSTSE14_2_0_ from FLIGHTS flight0_ where flight0_.FLIGHT_NO=?
2018-10-04 19:05:13,527 - org.hibernate.loader.Loader - DEBUG - Static select for entity com.cg.ars.dto.Flight [READ]: select flight0_.FLIGHT_NO as FLIGHT_N1_2_0_, flight0_.AIRLINE as AIRLINE2_2_0_, flight0_.ARR_AIRPORT as ARR_AIRP3_2_0_, flight0_.ARR_CITY as ARR_CITY4_2_0_, flight0_.ARR_DATE as ARR_DATE5_2_0_, flight0_.ARR_TIME as ARR_TIME6_2_0_, flight0_.BUSSSEATS as BUSSSEAT7_2_0_, flight0_.BUSSSEATSFARE as BUSSSEAT8_2_0_, flight0_.DEP_AIRPORT as DEP_AIRP9_2_0_, flight0_.DEP_CITY as DEP_CIT10_2_0_, flight0_.DEP_DATE as DEP_DAT11_2_0_, flight0_.DEP_TIME as DEP_TIM12_2_0_, flight0_.FIRSTSEATS as FIRSTSE13_2_0_, flight0_.FIRSTSEATFARE as FIRSTSE14_2_0_ from FLIGHTS flight0_ where flight0_.FLIGHT_NO=?
2018-10-04 19:05:13,528 - org.hibernate.loader.Loader - DEBUG - Static select for entity com.cg.ars.dto.Flight [UPGRADE]: select flight0_.FLIGHT_NO as FLIGHT_N1_2_0_, flight0_.AIRLINE as AIRLINE2_2_0_, flight0_.ARR_AIRPORT as ARR_AIRP3_2_0_, flight0_.ARR_CITY as ARR_CITY4_2_0_, flight0_.ARR_DATE as ARR_DATE5_2_0_, flight0_.ARR_TIME as ARR_TIME6_2_0_, flight0_.BUSSSEATS as BUSSSEAT7_2_0_, flight0_.BUSSSEATSFARE as BUSSSEAT8_2_0_, flight0_.DEP_AIRPORT as DEP_AIRP9_2_0_, flight0_.DEP_CITY as DEP_CIT10_2_0_, flight0_.DEP_DATE as DEP_DAT11_2_0_, flight0_.DEP_TIME as DEP_TIM12_2_0_, flight0_.FIRSTSEATS as FIRSTSE13_2_0_, flight0_.FIRSTSEATFARE as FIRSTSE14_2_0_ from FLIGHTS flight0_ where flight0_.FLIGHT_NO=? for update
2018-10-04 19:05:13,528 - org.hibernate.loader.Loader - DEBUG - Static select for entity com.cg.ars.dto.Flight [UPGRADE_NOWAIT]: select flight0_.FLIGHT_NO as FLIGHT_N1_2_0_, flight0_.AIRLINE as AIRLINE2_2_0_, flight0_.ARR_AIRPORT as ARR_AIRP3_2_0_, flight0_.ARR_CITY as ARR_CITY4_2_0_, flight0_.ARR_DATE as ARR_DATE5_2_0_, flight0_.ARR_TIME as ARR_TIME6_2_0_, flight0_.BUSSSEATS as BUSSSEAT7_2_0_, flight0_.BUSSSEATSFARE as BUSSSEAT8_2_0_, flight0_.DEP_AIRPORT as DEP_AIRP9_2_0_, flight0_.DEP_CITY as DEP_CIT10_2_0_, flight0_.DEP_DATE as DEP_DAT11_2_0_, flight0_.DEP_TIME as DEP_TIM12_2_0_, flight0_.FIRSTSEATS as FIRSTSE13_2_0_, flight0_.FIRSTSEATFARE as FIRSTSE14_2_0_ from FLIGHTS flight0_ where flight0_.FLIGHT_NO=? for update nowait
2018-10-04 19:05:13,528 - org.hibernate.loader.Loader - DEBUG - Static select for entity com.cg.ars.dto.Flight [FORCE]: select flight0_.FLIGHT_NO as FLIGHT_N1_2_0_, flight0_.AIRLINE as AIRLINE2_2_0_, flight0_.ARR_AIRPORT as ARR_AIRP3_2_0_, flight0_.ARR_CITY as ARR_CITY4_2_0_, flight0_.ARR_DATE as ARR_DATE5_2_0_, flight0_.ARR_TIME as ARR_TIME6_2_0_, flight0_.BUSSSEATS as BUSSSEAT7_2_0_, flight0_.BUSSSEATSFARE as BUSSSEAT8_2_0_, flight0_.DEP_AIRPORT as DEP_AIRP9_2_0_, flight0_.DEP_CITY as DEP_CIT10_2_0_, flight0_.DEP_DATE as DEP_DAT11_2_0_, flight0_.DEP_TIME as DEP_TIM12_2_0_, flight0_.FIRSTSEATS as FIRSTSE13_2_0_, flight0_.FIRSTSEATFARE as FIRSTSE14_2_0_ from FLIGHTS flight0_ where flight0_.FLIGHT_NO=? for update nowait
2018-10-04 19:05:13,528 - org.hibernate.loader.Loader - DEBUG - Static select for entity com.cg.ars.dto.Flight [PESSIMISTIC_READ]: select flight0_.FLIGHT_NO as FLIGHT_N1_2_0_, flight0_.AIRLINE as AIRLINE2_2_0_, flight0_.ARR_AIRPORT as ARR_AIRP3_2_0_, flight0_.ARR_CITY as ARR_CITY4_2_0_, flight0_.ARR_DATE as ARR_DATE5_2_0_, flight0_.ARR_TIME as ARR_TIME6_2_0_, flight0_.BUSSSEATS as BUSSSEAT7_2_0_, flight0_.BUSSSEATSFARE as BUSSSEAT8_2_0_, flight0_.DEP_AIRPORT as DEP_AIRP9_2_0_, flight0_.DEP_CITY as DEP_CIT10_2_0_, flight0_.DEP_DATE as DEP_DAT11_2_0_, flight0_.DEP_TIME as DEP_TIM12_2_0_, flight0_.FIRSTSEATS as FIRSTSE13_2_0_, flight0_.FIRSTSEATFARE as FIRSTSE14_2_0_ from FLIGHTS flight0_ where flight0_.FLIGHT_NO=? for update
2018-10-04 19:05:13,528 - org.hibernate.loader.Loader - DEBUG - Static select for entity com.cg.ars.dto.Flight [PESSIMISTIC_WRITE]: select flight0_.FLIGHT_NO as FLIGHT_N1_2_0_, flight0_.AIRLINE as AIRLINE2_2_0_, flight0_.ARR_AIRPORT as ARR_AIRP3_2_0_, flight0_.ARR_CITY as ARR_CITY4_2_0_, flight0_.ARR_DATE as ARR_DATE5_2_0_, flight0_.ARR_TIME as ARR_TIME6_2_0_, flight0_.BUSSSEATS as BUSSSEAT7_2_0_, flight0_.BUSSSEATSFARE as BUSSSEAT8_2_0_, flight0_.DEP_AIRPORT as DEP_AIRP9_2_0_, flight0_.DEP_CITY as DEP_CIT10_2_0_, flight0_.DEP_DATE as DEP_DAT11_2_0_, flight0_.DEP_TIME as DEP_TIM12_2_0_, flight0_.FIRSTSEATS as FIRSTSE13_2_0_, flight0_.FIRSTSEATFARE as FIRSTSE14_2_0_ from FLIGHTS flight0_ where flight0_.FLIGHT_NO=? for update
2018-10-04 19:05:13,528 - org.hibernate.loader.Loader - DEBUG - Static select for entity com.cg.ars.dto.Flight [PESSIMISTIC_FORCE_INCREMENT]: select flight0_.FLIGHT_NO as FLIGHT_N1_2_0_, flight0_.AIRLINE as AIRLINE2_2_0_, flight0_.ARR_AIRPORT as ARR_AIRP3_2_0_, flight0_.ARR_CITY as ARR_CITY4_2_0_, flight0_.ARR_DATE as ARR_DATE5_2_0_, flight0_.ARR_TIME as ARR_TIME6_2_0_, flight0_.BUSSSEATS as BUSSSEAT7_2_0_, flight0_.BUSSSEATSFARE as BUSSSEAT8_2_0_, flight0_.DEP_AIRPORT as DEP_AIRP9_2_0_, flight0_.DEP_CITY as DEP_CIT10_2_0_, flight0_.DEP_DATE as DEP_DAT11_2_0_, flight0_.DEP_TIME as DEP_TIM12_2_0_, flight0_.FIRSTSEATS as FIRSTSE13_2_0_, flight0_.FIRSTSEATFARE as FIRSTSE14_2_0_ from FLIGHTS flight0_ where flight0_.FLIGHT_NO=? for update nowait
2018-10-04 19:05:13,528 - org.hibernate.loader.Loader - DEBUG - Static select for entity com.cg.ars.dto.Flight [OPTIMISTIC]: select flight0_.FLIGHT_NO as FLIGHT_N1_2_0_, flight0_.AIRLINE as AIRLINE2_2_0_, flight0_.ARR_AIRPORT as ARR_AIRP3_2_0_, flight0_.ARR_CITY as ARR_CITY4_2_0_, flight0_.ARR_DATE as ARR_DATE5_2_0_, flight0_.ARR_TIME as ARR_TIME6_2_0_, flight0_.BUSSSEATS as BUSSSEAT7_2_0_, flight0_.BUSSSEATSFARE as BUSSSEAT8_2_0_, flight0_.DEP_AIRPORT as DEP_AIRP9_2_0_, flight0_.DEP_CITY as DEP_CIT10_2_0_, flight0_.DEP_DATE as DEP_DAT11_2_0_, flight0_.DEP_TIME as DEP_TIM12_2_0_, flight0_.FIRSTSEATS as FIRSTSE13_2_0_, flight0_.FIRSTSEATFARE as FIRSTSE14_2_0_ from FLIGHTS flight0_ where flight0_.FLIGHT_NO=?
2018-10-04 19:05:13,528 - org.hibernate.loader.Loader - DEBUG - Static select for entity com.cg.ars.dto.Flight [OPTIMISTIC_FORCE_INCREMENT]: select flight0_.FLIGHT_NO as FLIGHT_N1_2_0_, flight0_.AIRLINE as AIRLINE2_2_0_, flight0_.ARR_AIRPORT as ARR_AIRP3_2_0_, flight0_.ARR_CITY as ARR_CITY4_2_0_, flight0_.ARR_DATE as ARR_DATE5_2_0_, flight0_.ARR_TIME as ARR_TIME6_2_0_, flight0_.BUSSSEATS as BUSSSEAT7_2_0_, flight0_.BUSSSEATSFARE as BUSSSEAT8_2_0_, flight0_.DEP_AIRPORT as DEP_AIRP9_2_0_, flight0_.DEP_CITY as DEP_CIT10_2_0_, flight0_.DEP_DATE as DEP_DAT11_2_0_, flight0_.DEP_TIME as DEP_TIM12_2_0_, flight0_.FIRSTSEATS as FIRSTSE13_2_0_, flight0_.FIRSTSEATFARE as FIRSTSE14_2_0_ from FLIGHTS flight0_ where flight0_.FLIGHT_NO=?
2018-10-04 19:05:13,529 - org.hibernate.loader.Loader - DEBUG - Static select for action ACTION_MERGE on entity com.cg.ars.dto.Flight: select flight0_.FLIGHT_NO as FLIGHT_N1_2_0_, flight0_.AIRLINE as AIRLINE2_2_0_, flight0_.ARR_AIRPORT as ARR_AIRP3_2_0_, flight0_.ARR_CITY as ARR_CITY4_2_0_, flight0_.ARR_DATE as ARR_DATE5_2_0_, flight0_.ARR_TIME as ARR_TIME6_2_0_, flight0_.BUSSSEATS as BUSSSEAT7_2_0_, flight0_.BUSSSEATSFARE as BUSSSEAT8_2_0_, flight0_.DEP_AIRPORT as DEP_AIRP9_2_0_, flight0_.DEP_CITY as DEP_CIT10_2_0_, flight0_.DEP_DATE as DEP_DAT11_2_0_, flight0_.DEP_TIME as DEP_TIM12_2_0_, flight0_.FIRSTSEATS as FIRSTSE13_2_0_, flight0_.FIRSTSEATFARE as FIRSTSE14_2_0_ from FLIGHTS flight0_ where flight0_.FLIGHT_NO=?
2018-10-04 19:05:13,529 - org.hibernate.loader.Loader - DEBUG - Static select for action ACTION_REFRESH on entity com.cg.ars.dto.Flight: select flight0_.FLIGHT_NO as FLIGHT_N1_2_0_, flight0_.AIRLINE as AIRLINE2_2_0_, flight0_.ARR_AIRPORT as ARR_AIRP3_2_0_, flight0_.ARR_CITY as ARR_CITY4_2_0_, flight0_.ARR_DATE as ARR_DATE5_2_0_, flight0_.ARR_TIME as ARR_TIME6_2_0_, flight0_.BUSSSEATS as BUSSSEAT7_2_0_, flight0_.BUSSSEATSFARE as BUSSSEAT8_2_0_, flight0_.DEP_AIRPORT as DEP_AIRP9_2_0_, flight0_.DEP_CITY as DEP_CIT10_2_0_, flight0_.DEP_DATE as DEP_DAT11_2_0_, flight0_.DEP_TIME as DEP_TIM12_2_0_, flight0_.FIRSTSEATS as FIRSTSE13_2_0_, flight0_.FIRSTSEATFARE as FIRSTSE14_2_0_ from FLIGHTS flight0_ where flight0_.FLIGHT_NO=?
2018-10-04 19:05:13,530 - org.hibernate.internal.SessionFactoryRegistry - DEBUG - Initializing SessionFactoryRegistry : org.hibernate.internal.SessionFactoryRegistry@7bf9b098
2018-10-04 19:05:13,532 - org.hibernate.internal.SessionFactoryRegistry - DEBUG - Registering SessionFactory: 673d0e7d-b5ee-4637-80e0-9268301da25c (<unnamed>)
2018-10-04 19:05:13,532 - org.hibernate.internal.SessionFactoryRegistry - DEBUG - Not binding SessionFactory to JNDI, no JNDI name configured
2018-10-04 19:05:13,532 - org.hibernate.internal.SessionFactoryImpl - DEBUG - Instantiated session factory
2018-10-04 19:05:13,532 - org.hibernate.internal.SessionFactoryImpl - DEBUG - Checking 6 named HQL queries
2018-10-04 19:05:13,532 - org.hibernate.internal.SessionFactoryImpl - DEBUG - Checking named query: getSeatCount
2018-10-04 19:05:13,553 - org.hibernate.hql.internal.ast.QueryTranslatorImpl - DEBUG - parse() - HQL: SELECT SUM(f.firstSeats + f.bussSeats) FROM com.cg.ars.dto.Flight f WHERE f.depCity = :depCity AND f.arrCity = :arrCity
2018-10-04 19:05:13,560 - org.hibernate.hql.internal.ast.QueryTranslatorImpl - DEBUG - --- HQL AST ---
 \-[QUERY] Node: 'query'
    +-[SELECT_FROM] Node: 'SELECT_FROM'
    |  +-[FROM] Node: 'FROM'
    |  |  \-[RANGE] Node: 'RANGE'
    |  |     +-[DOT] Node: '.'
    |  |     |  +-[DOT] Node: '.'
    |  |     |  |  +-[DOT] Node: '.'
    |  |     |  |  |  +-[DOT] Node: '.'
    |  |     |  |  |  |  +-[IDENT] Node: 'com'
    |  |     |  |  |  |  \-[IDENT] Node: 'cg'
    |  |     |  |  |  \-[IDENT] Node: 'ars'
    |  |     |  |  \-[IDENT] Node: 'dto'
    |  |     |  \-[IDENT] Node: 'Flight'
    |  |     \-[ALIAS] Node: 'f'
    |  \-[SELECT] Node: 'SELECT'
    |     \-[AGGREGATE] Node: 'SUM'
    |        \-[PLUS] Node: '+'
    |           +-[DOT] Node: '.'
    |           |  +-[IDENT] Node: 'f'
    |           |  \-[IDENT] Node: 'firstSeats'
    |           \-[DOT] Node: '.'
    |              +-[IDENT] Node: 'f'
    |              \-[IDENT] Node: 'bussSeats'
    \-[WHERE] Node: 'WHERE'
       \-[AND] Node: 'AND'
          +-[EQ] Node: '='
          |  +-[DOT] Node: '.'
          |  |  +-[IDENT] Node: 'f'
          |  |  \-[IDENT] Node: 'depCity'
          |  \-[COLON] Node: ':'
          |     \-[IDENT] Node: 'depCity'
          \-[EQ] Node: '='
             +-[DOT] Node: '.'
             |  +-[IDENT] Node: 'f'
             |  \-[IDENT] Node: 'arrCity'
             \-[COLON] Node: ':'
                \-[IDENT] Node: 'arrCity'

2018-10-04 19:05:13,560 - org.hibernate.hql.internal.ast.ErrorCounter - DEBUG - throwQueryException() : no errors
2018-10-04 19:05:13,574 - org.hibernate.hql.internal.antlr.HqlSqlBaseWalker - DEBUG - select << begin [level=1, statement=select]
2018-10-04 19:05:13,583 - org.hibernate.hql.internal.ast.tree.FromElement - DEBUG - FromClause{level=1} : com.cg.ars.dto.Flight (f) -> flight0_
2018-10-04 19:05:13,585 - org.hibernate.hql.internal.ast.tree.FromReferenceNode - DEBUG - Resolved : f -> flight0_.FLIGHT_NO
2018-10-04 19:05:13,585 - org.hibernate.hql.internal.ast.tree.DotNode - DEBUG - getDataType() : firstSeats -> org.hibernate.type.IntegerType@f5f2bb7
2018-10-04 19:05:13,586 - org.hibernate.hql.internal.ast.tree.FromReferenceNode - DEBUG - Resolved : f.firstSeats -> flight0_.FIRSTSEATS
2018-10-04 19:05:13,586 - org.hibernate.hql.internal.ast.tree.FromReferenceNode - DEBUG - Resolved : f -> flight0_.FLIGHT_NO
2018-10-04 19:05:13,586 - org.hibernate.hql.internal.ast.tree.DotNode - DEBUG - getDataType() : bussSeats -> org.hibernate.type.IntegerType@f5f2bb7
2018-10-04 19:05:13,586 - org.hibernate.hql.internal.ast.tree.FromReferenceNode - DEBUG - Resolved : f.bussSeats -> flight0_.BUSSSEATS
2018-10-04 19:05:13,587 - org.hibernate.hql.internal.ast.tree.FromReferenceNode - DEBUG - Resolved : f -> flight0_.FLIGHT_NO
2018-10-04 19:05:13,587 - org.hibernate.hql.internal.ast.tree.DotNode - DEBUG - getDataType() : depCity -> org.hibernate.type.StringType@6ea6d14e
2018-10-04 19:05:13,587 - org.hibernate.hql.internal.ast.tree.FromReferenceNode - DEBUG - Resolved : f.depCity -> flight0_.DEP_CITY
2018-10-04 19:05:13,588 - org.hibernate.hql.internal.ast.tree.FromReferenceNode - DEBUG - Resolved : f -> flight0_.FLIGHT_NO
2018-10-04 19:05:13,588 - org.hibernate.hql.internal.ast.tree.DotNode - DEBUG - getDataType() : arrCity -> org.hibernate.type.StringType@6ea6d14e
2018-10-04 19:05:13,588 - org.hibernate.hql.internal.ast.tree.FromReferenceNode - DEBUG - Resolved : f.arrCity -> flight0_.ARR_CITY
2018-10-04 19:05:13,588 - org.hibernate.hql.internal.antlr.HqlSqlBaseWalker - DEBUG - select : finishing up [level=1, statement=select]
2018-10-04 19:05:13,589 - org.hibernate.hql.internal.ast.HqlSqlWalker - DEBUG - processQuery() :  ( SELECT ( {select clause} ( SUM ( + ( flight0_.FIRSTSEATS flight0_.FLIGHT_NO firstSeats ) ( flight0_.BUSSSEATS flight0_.FLIGHT_NO bussSeats ) ) ) ) ( FromClause{level=1} FLIGHTS flight0_ ) ( WHERE ( AND ( = ( flight0_.DEP_CITY flight0_.FLIGHT_NO depCity ) ? ) ( = ( flight0_.ARR_CITY flight0_.FLIGHT_NO arrCity ) ? ) ) ) )
2018-10-04 19:05:13,592 - org.hibernate.hql.internal.ast.util.JoinProcessor - DEBUG - Using FROM fragment [FLIGHTS flight0_]
2018-10-04 19:05:13,592 - org.hibernate.hql.internal.antlr.HqlSqlBaseWalker - DEBUG - select >> end [level=1, statement=select]
2018-10-04 19:05:13,593 - org.hibernate.hql.internal.ast.QueryTranslatorImpl - DEBUG - --- SQL AST ---
 \-[SELECT] QueryNode: 'SELECT'  querySpaces (FLIGHTS)
    +-[SELECT_CLAUSE] SelectClause: '{select clause}'
    |  +-[AGGREGATE] AggregateNode: 'SUM'
    |  |  \-[PLUS] BinaryArithmeticOperatorNode: '+' {dataType=org.hibernate.type.IntegerType@f5f2bb7}
    |  |     +-[DOT] DotNode: 'flight0_.FIRSTSEATS' {propertyName=firstSeats,dereferenceType=ALL,propertyPath=firstSeats,path=f.firstSeats,tableAlias=flight0_,className=com.cg.ars.dto.Flight,classAlias=f}
    |  |     |  +-[ALIAS_REF] IdentNode: 'flight0_.FLIGHT_NO' {alias=f, className=com.cg.ars.dto.Flight, tableAlias=flight0_}
    |  |     |  \-[IDENT] IdentNode: 'firstSeats' {originalText=firstSeats}
    |  |     \-[DOT] DotNode: 'flight0_.BUSSSEATS' {propertyName=bussSeats,dereferenceType=ALL,propertyPath=bussSeats,path=f.bussSeats,tableAlias=flight0_,className=com.cg.ars.dto.Flight,classAlias=f}
    |  |        +-[ALIAS_REF] IdentNode: 'flight0_.FLIGHT_NO' {alias=f, className=com.cg.ars.dto.Flight, tableAlias=flight0_}
    |  |        \-[IDENT] IdentNode: 'bussSeats' {originalText=bussSeats}
    |  \-[SELECT_COLUMNS] SqlNode: ' as col_0_0_'
    +-[FROM] FromClause: 'FROM' FromClause{level=1, fromElementCounter=1, fromElements=1, fromElementByClassAlias=[f], fromElementByTableAlias=[flight0_], fromElementsByPath=[], collectionJoinFromElementsByPath=[], impliedElements=[]}
    |  \-[FROM_FRAGMENT] FromElement: 'FLIGHTS flight0_' FromElement{explicit,not a collection join,not a fetch join,fetch non-lazy properties,classAlias=f,role=null,tableName=FLIGHTS,tableAlias=flight0_,origin=null,columns={,className=com.cg.ars.dto.Flight}}
    \-[WHERE] SqlNode: 'WHERE'
       \-[AND] SqlNode: 'AND'
          +-[EQ] BinaryLogicOperatorNode: '='
          |  +-[DOT] DotNode: 'flight0_.DEP_CITY' {propertyName=depCity,dereferenceType=ALL,propertyPath=depCity,path=f.depCity,tableAlias=flight0_,className=com.cg.ars.dto.Flight,classAlias=f}
          |  |  +-[ALIAS_REF] IdentNode: 'flight0_.FLIGHT_NO' {alias=f, className=com.cg.ars.dto.Flight, tableAlias=flight0_}
          |  |  \-[IDENT] IdentNode: 'depCity' {originalText=depCity}
          |  \-[NAMED_PARAM] ParameterNode: '?' {name=depCity, expectedType=org.hibernate.type.StringType@6ea6d14e}
          \-[EQ] BinaryLogicOperatorNode: '='
             +-[DOT] DotNode: 'flight0_.ARR_CITY' {propertyName=arrCity,dereferenceType=ALL,propertyPath=arrCity,path=f.arrCity,tableAlias=flight0_,className=com.cg.ars.dto.Flight,classAlias=f}
             |  +-[ALIAS_REF] IdentNode: 'flight0_.FLIGHT_NO' {alias=f, className=com.cg.ars.dto.Flight, tableAlias=flight0_}
             |  \-[IDENT] IdentNode: 'arrCity' {originalText=arrCity}
             \-[NAMED_PARAM] ParameterNode: '?' {name=arrCity, expectedType=org.hibernate.type.StringType@6ea6d14e}

2018-10-04 19:05:13,593 - org.hibernate.hql.internal.ast.ErrorCounter - DEBUG - throwQueryException() : no errors
2018-10-04 19:05:13,597 - org.hibernate.hql.internal.ast.QueryTranslatorImpl - DEBUG - HQL: SELECT SUM(f.firstSeats + f.bussSeats) FROM com.cg.ars.dto.Flight f WHERE f.depCity = :depCity AND f.arrCity = :arrCity
2018-10-04 19:05:13,597 - org.hibernate.hql.internal.ast.QueryTranslatorImpl - DEBUG - SQL: select sum(flight0_.FIRSTSEATS+flight0_.BUSSSEATS) as col_0_0_ from FLIGHTS flight0_ where flight0_.DEP_CITY=? and flight0_.ARR_CITY=?
2018-10-04 19:05:13,597 - org.hibernate.hql.internal.ast.ErrorCounter - DEBUG - throwQueryException() : no errors
2018-10-04 19:05:13,601 - org.hibernate.internal.SessionFactoryImpl - DEBUG - Checking named query: getFlights
2018-10-04 19:05:13,601 - org.hibernate.hql.internal.ast.QueryTranslatorImpl - DEBUG - parse() - HQL: SELECT f FROM com.cg.ars.dto.Flight f WHERE f.depDate = :depDate AND f.depCity = :depCity AND f.arrCity = :arrCity
2018-10-04 19:05:13,603 - org.hibernate.hql.internal.ast.QueryTranslatorImpl - DEBUG - --- HQL AST ---
 \-[QUERY] Node: 'query'
    +-[SELECT_FROM] Node: 'SELECT_FROM'
    |  +-[FROM] Node: 'FROM'
    |  |  \-[RANGE] Node: 'RANGE'
    |  |     +-[DOT] Node: '.'
    |  |     |  +-[DOT] Node: '.'
    |  |     |  |  +-[DOT] Node: '.'
    |  |     |  |  |  +-[DOT] Node: '.'
    |  |     |  |  |  |  +-[IDENT] Node: 'com'
    |  |     |  |  |  |  \-[IDENT] Node: 'cg'
    |  |     |  |  |  \-[IDENT] Node: 'ars'
    |  |     |  |  \-[IDENT] Node: 'dto'
    |  |     |  \-[IDENT] Node: 'Flight'
    |  |     \-[ALIAS] Node: 'f'
    |  \-[SELECT] Node: 'SELECT'
    |     \-[IDENT] Node: 'f'
    \-[WHERE] Node: 'WHERE'
       \-[AND] Node: 'AND'
          +-[AND] Node: 'AND'
          |  +-[EQ] Node: '='
          |  |  +-[DOT] Node: '.'
          |  |  |  +-[IDENT] Node: 'f'
          |  |  |  \-[IDENT] Node: 'depDate'
          |  |  \-[COLON] Node: ':'
          |  |     \-[IDENT] Node: 'depDate'
          |  \-[EQ] Node: '='
          |     +-[DOT] Node: '.'
          |     |  +-[IDENT] Node: 'f'
          |     |  \-[IDENT] Node: 'depCity'
          |     \-[COLON] Node: ':'
          |        \-[IDENT] Node: 'depCity'
          \-[EQ] Node: '='
             +-[DOT] Node: '.'
             |  +-[IDENT] Node: 'f'
             |  \-[IDENT] Node: 'arrCity'
             \-[COLON] Node: ':'
                \-[IDENT] Node: 'arrCity'

2018-10-04 19:05:13,603 - org.hibernate.hql.internal.ast.ErrorCounter - DEBUG - throwQueryException() : no errors
2018-10-04 19:05:13,603 - org.hibernate.hql.internal.antlr.HqlSqlBaseWalker - DEBUG - select << begin [level=1, statement=select]
2018-10-04 19:05:13,603 - org.hibernate.hql.internal.ast.tree.FromElement - DEBUG - FromClause{level=1} : com.cg.ars.dto.Flight (f) -> flight0_
2018-10-04 19:05:13,603 - org.hibernate.hql.internal.ast.tree.FromReferenceNode - DEBUG - Resolved : f -> flight0_.FLIGHT_NO
2018-10-04 19:05:13,604 - org.hibernate.hql.internal.ast.tree.FromReferenceNode - DEBUG - Resolved : f -> flight0_.FLIGHT_NO
2018-10-04 19:05:13,604 - org.hibernate.hql.internal.ast.tree.DotNode - DEBUG - getDataType() : depDate -> org.hibernate.type.DateType@19bb089b
2018-10-04 19:05:13,604 - org.hibernate.hql.internal.ast.tree.FromReferenceNode - DEBUG - Resolved : f.depDate -> flight0_.DEP_DATE
2018-10-04 19:05:13,604 - org.hibernate.hql.internal.ast.tree.FromReferenceNode - DEBUG - Resolved : f -> flight0_.FLIGHT_NO
2018-10-04 19:05:13,604 - org.hibernate.hql.internal.ast.tree.DotNode - DEBUG - getDataType() : depCity -> org.hibernate.type.StringType@6ea6d14e
2018-10-04 19:05:13,604 - org.hibernate.hql.internal.ast.tree.FromReferenceNode - DEBUG - Resolved : f.depCity -> flight0_.DEP_CITY
2018-10-04 19:05:13,604 - org.hibernate.hql.internal.ast.tree.FromReferenceNode - DEBUG - Resolved : f -> flight0_.FLIGHT_NO
2018-10-04 19:05:13,604 - org.hibernate.hql.internal.ast.tree.DotNode - DEBUG - getDataType() : arrCity -> org.hibernate.type.StringType@6ea6d14e
2018-10-04 19:05:13,604 - org.hibernate.hql.internal.ast.tree.FromReferenceNode - DEBUG - Resolved : f.arrCity -> flight0_.ARR_CITY
2018-10-04 19:05:13,604 - org.hibernate.hql.internal.antlr.HqlSqlBaseWalker - DEBUG - select : finishing up [level=1, statement=select]
2018-10-04 19:05:13,604 - org.hibernate.hql.internal.ast.HqlSqlWalker - DEBUG - processQuery() :  ( SELECT ( {select clause} flight0_.FLIGHT_NO ) ( FromClause{level=1} FLIGHTS flight0_ ) ( WHERE ( AND ( AND ( = ( flight0_.DEP_DATE flight0_.FLIGHT_NO depDate ) ? ) ( = ( flight0_.DEP_CITY flight0_.FLIGHT_NO depCity ) ? ) ) ( = ( flight0_.ARR_CITY flight0_.FLIGHT_NO arrCity ) ? ) ) ) )
2018-10-04 19:05:13,605 - org.hibernate.hql.internal.ast.util.JoinProcessor - DEBUG - Using FROM fragment [FLIGHTS flight0_]
2018-10-04 19:05:13,605 - org.hibernate.hql.internal.antlr.HqlSqlBaseWalker - DEBUG - select >> end [level=1, statement=select]
2018-10-04 19:05:13,605 - org.hibernate.hql.internal.ast.QueryTranslatorImpl - DEBUG - --- SQL AST ---
 \-[SELECT] QueryNode: 'SELECT'  querySpaces (FLIGHTS)
    +-[SELECT_CLAUSE] SelectClause: '{select clause}'
    |  +-[ALIAS_REF] IdentNode: 'flight0_.FLIGHT_NO as FLIGHT_N1_2_' {alias=f, className=com.cg.ars.dto.Flight, tableAlias=flight0_}
    |  \-[SQL_TOKEN] SqlFragment: 'flight0_.AIRLINE as AIRLINE2_2_, flight0_.ARR_AIRPORT as ARR_AIRP3_2_, flight0_.ARR_CITY as ARR_CITY4_2_, flight0_.ARR_DATE as ARR_DATE5_2_, flight0_.ARR_TIME as ARR_TIME6_2_, flight0_.BUSSSEATS as BUSSSEAT7_2_, flight0_.BUSSSEATSFARE as BUSSSEAT8_2_, flight0_.DEP_AIRPORT as DEP_AIRP9_2_, flight0_.DEP_CITY as DEP_CIT10_2_, flight0_.DEP_DATE as DEP_DAT11_2_, flight0_.DEP_TIME as DEP_TIM12_2_, flight0_.FIRSTSEATS as FIRSTSE13_2_, flight0_.FIRSTSEATFARE as FIRSTSE14_2_'
    +-[FROM] FromClause: 'FROM' FromClause{level=1, fromElementCounter=1, fromElements=1, fromElementByClassAlias=[f], fromElementByTableAlias=[flight0_], fromElementsByPath=[], collectionJoinFromElementsByPath=[], impliedElements=[]}
    |  \-[FROM_FRAGMENT] FromElement: 'FLIGHTS flight0_' FromElement{explicit,not a collection join,not a fetch join,fetch non-lazy properties,classAlias=f,role=null,tableName=FLIGHTS,tableAlias=flight0_,origin=null,columns={,className=com.cg.ars.dto.Flight}}
    \-[WHERE] SqlNode: 'WHERE'
       \-[AND] SqlNode: 'AND'
          +-[AND] SqlNode: 'AND'
          |  +-[EQ] BinaryLogicOperatorNode: '='
          |  |  +-[DOT] DotNode: 'flight0_.DEP_DATE' {propertyName=depDate,dereferenceType=ALL,propertyPath=depDate,path=f.depDate,tableAlias=flight0_,className=com.cg.ars.dto.Flight,classAlias=f}
          |  |  |  +-[ALIAS_REF] IdentNode: 'flight0_.FLIGHT_NO' {alias=f, className=com.cg.ars.dto.Flight, tableAlias=flight0_}
          |  |  |  \-[IDENT] IdentNode: 'depDate' {originalText=depDate}
          |  |  \-[NAMED_PARAM] ParameterNode: '?' {name=depDate, expectedType=org.hibernate.type.DateType@19bb089b}
          |  \-[EQ] BinaryLogicOperatorNode: '='
          |     +-[DOT] DotNode: 'flight0_.DEP_CITY' {propertyName=depCity,dereferenceType=ALL,propertyPath=depCity,path=f.depCity,tableAlias=flight0_,className=com.cg.ars.dto.Flight,classAlias=f}
          |     |  +-[ALIAS_REF] IdentNode: 'flight0_.FLIGHT_NO' {alias=f, className=com.cg.ars.dto.Flight, tableAlias=flight0_}
          |     |  \-[IDENT] IdentNode: 'depCity' {originalText=depCity}
          |     \-[NAMED_PARAM] ParameterNode: '?' {name=depCity, expectedType=org.hibernate.type.StringType@6ea6d14e}
          \-[EQ] BinaryLogicOperatorNode: '='
             +-[DOT] DotNode: 'flight0_.ARR_CITY' {propertyName=arrCity,dereferenceType=ALL,propertyPath=arrCity,path=f.arrCity,tableAlias=flight0_,className=com.cg.ars.dto.Flight,classAlias=f}
             |  +-[ALIAS_REF] IdentNode: 'flight0_.FLIGHT_NO' {alias=f, className=com.cg.ars.dto.Flight, tableAlias=flight0_}
             |  \-[IDENT] IdentNode: 'arrCity' {originalText=arrCity}
             \-[NAMED_PARAM] ParameterNode: '?' {name=arrCity, expectedType=org.hibernate.type.StringType@6ea6d14e}

2018-10-04 19:05:13,605 - org.hibernate.hql.internal.ast.ErrorCounter - DEBUG - throwQueryException() : no errors
2018-10-04 19:05:13,605 - org.hibernate.hql.internal.ast.QueryTranslatorImpl - DEBUG - HQL: SELECT f FROM com.cg.ars.dto.Flight f WHERE f.depDate = :depDate AND f.depCity = :depCity AND f.arrCity = :arrCity
2018-10-04 19:05:13,606 - org.hibernate.hql.internal.ast.QueryTranslatorImpl - DEBUG - SQL: select flight0_.FLIGHT_NO as FLIGHT_N1_2_, flight0_.AIRLINE as AIRLINE2_2_, flight0_.ARR_AIRPORT as ARR_AIRP3_2_, flight0_.ARR_CITY as ARR_CITY4_2_, flight0_.ARR_DATE as ARR_DATE5_2_, flight0_.ARR_TIME as ARR_TIME6_2_, flight0_.BUSSSEATS as BUSSSEAT7_2_, flight0_.BUSSSEATSFARE as BUSSSEAT8_2_, flight0_.DEP_AIRPORT as DEP_AIRP9_2_, flight0_.DEP_CITY as DEP_CIT10_2_, flight0_.DEP_DATE as DEP_DAT11_2_, flight0_.DEP_TIME as DEP_TIM12_2_, flight0_.FIRSTSEATS as FIRSTSE13_2_, flight0_.FIRSTSEATFARE as FIRSTSE14_2_ from FLIGHTS flight0_ where flight0_.DEP_DATE=? and flight0_.DEP_CITY=? and flight0_.ARR_CITY=?
2018-10-04 19:05:13,606 - org.hibernate.hql.internal.ast.ErrorCounter - DEBUG - throwQueryException() : no errors
2018-10-04 19:05:13,606 - org.hibernate.internal.SessionFactoryImpl - DEBUG - Checking named query: getAllFlights
2018-10-04 19:05:13,606 - org.hibernate.hql.internal.ast.QueryTranslatorImpl - DEBUG - parse() - HQL: SELECT f FROM com.cg.ars.dto.Flight f
2018-10-04 19:05:13,606 - org.hibernate.hql.internal.ast.QueryTranslatorImpl - DEBUG - --- HQL AST ---
 \-[QUERY] Node: 'query'
    \-[SELECT_FROM] Node: 'SELECT_FROM'
       +-[FROM] Node: 'FROM'
       |  \-[RANGE] Node: 'RANGE'
       |     +-[DOT] Node: '.'
       |     |  +-[DOT] Node: '.'
       |     |  |  +-[DOT] Node: '.'
       |     |  |  |  +-[DOT] Node: '.'
       |     |  |  |  |  +-[IDENT] Node: 'com'
       |     |  |  |  |  \-[IDENT] Node: 'cg'
       |     |  |  |  \-[IDENT] Node: 'ars'
       |     |  |  \-[IDENT] Node: 'dto'
       |     |  \-[IDENT] Node: 'Flight'
       |     \-[ALIAS] Node: 'f'
       \-[SELECT] Node: 'SELECT'
          \-[IDENT] Node: 'f'

2018-10-04 19:05:13,606 - org.hibernate.hql.internal.ast.ErrorCounter - DEBUG - throwQueryException() : no errors
2018-10-04 19:05:13,607 - org.hibernate.hql.internal.antlr.HqlSqlBaseWalker - DEBUG - select << begin [level=1, statement=select]
2018-10-04 19:05:13,607 - org.hibernate.hql.internal.ast.tree.FromElement - DEBUG - FromClause{level=1} : com.cg.ars.dto.Flight (f) -> flight0_
2018-10-04 19:05:13,607 - org.hibernate.hql.internal.ast.tree.FromReferenceNode - DEBUG - Resolved : f -> flight0_.FLIGHT_NO
2018-10-04 19:05:13,607 - org.hibernate.hql.internal.antlr.HqlSqlBaseWalker - DEBUG - select : finishing up [level=1, statement=select]
2018-10-04 19:05:13,607 - org.hibernate.hql.internal.ast.HqlSqlWalker - DEBUG - processQuery() :  ( SELECT ( {select clause} flight0_.FLIGHT_NO ) ( FromClause{level=1} FLIGHTS flight0_ ) )
2018-10-04 19:05:13,607 - org.hibernate.hql.internal.ast.util.JoinProcessor - DEBUG - Using FROM fragment [FLIGHTS flight0_]
2018-10-04 19:05:13,607 - org.hibernate.hql.internal.antlr.HqlSqlBaseWalker - DEBUG - select >> end [level=1, statement=select]
2018-10-04 19:05:13,607 - org.hibernate.hql.internal.ast.QueryTranslatorImpl - DEBUG - --- SQL AST ---
 \-[SELECT] QueryNode: 'SELECT'  querySpaces (FLIGHTS)
    +-[SELECT_CLAUSE] SelectClause: '{select clause}'
    |  +-[ALIAS_REF] IdentNode: 'flight0_.FLIGHT_NO as FLIGHT_N1_2_' {alias=f, className=com.cg.ars.dto.Flight, tableAlias=flight0_}
    |  \-[SQL_TOKEN] SqlFragment: 'flight0_.AIRLINE as AIRLINE2_2_, flight0_.ARR_AIRPORT as ARR_AIRP3_2_, flight0_.ARR_CITY as ARR_CITY4_2_, flight0_.ARR_DATE as ARR_DATE5_2_, flight0_.ARR_TIME as ARR_TIME6_2_, flight0_.BUSSSEATS as BUSSSEAT7_2_, flight0_.BUSSSEATSFARE as BUSSSEAT8_2_, flight0_.DEP_AIRPORT as DEP_AIRP9_2_, flight0_.DEP_CITY as DEP_CIT10_2_, flight0_.DEP_DATE as DEP_DAT11_2_, flight0_.DEP_TIME as DEP_TIM12_2_, flight0_.FIRSTSEATS as FIRSTSE13_2_, flight0_.FIRSTSEATFARE as FIRSTSE14_2_'
    \-[FROM] FromClause: 'FROM' FromClause{level=1, fromElementCounter=1, fromElements=1, fromElementByClassAlias=[f], fromElementByTableAlias=[flight0_], fromElementsByPath=[], collectionJoinFromElementsByPath=[], impliedElements=[]}
       \-[FROM_FRAGMENT] FromElement: 'FLIGHTS flight0_' FromElement{explicit,not a collection join,not a fetch join,fetch non-lazy properties,classAlias=f,role=null,tableName=FLIGHTS,tableAlias=flight0_,origin=null,columns={,className=com.cg.ars.dto.Flight}}

2018-10-04 19:05:13,607 - org.hibernate.hql.internal.ast.ErrorCounter - DEBUG - throwQueryException() : no errors
2018-10-04 19:05:13,607 - org.hibernate.hql.internal.ast.QueryTranslatorImpl - DEBUG - HQL: SELECT f FROM com.cg.ars.dto.Flight f
2018-10-04 19:05:13,607 - org.hibernate.hql.internal.ast.QueryTranslatorImpl - DEBUG - SQL: select flight0_.FLIGHT_NO as FLIGHT_N1_2_, flight0_.AIRLINE as AIRLINE2_2_, flight0_.ARR_AIRPORT as ARR_AIRP3_2_, flight0_.ARR_CITY as ARR_CITY4_2_, flight0_.ARR_DATE as ARR_DATE5_2_, flight0_.ARR_TIME as ARR_TIME6_2_, flight0_.BUSSSEATS as BUSSSEAT7_2_, flight0_.BUSSSEATSFARE as BUSSSEAT8_2_, flight0_.DEP_AIRPORT as DEP_AIRP9_2_, flight0_.DEP_CITY as DEP_CIT10_2_, flight0_.DEP_DATE as DEP_DAT11_2_, flight0_.DEP_TIME as DEP_TIM12_2_, flight0_.FIRSTSEATS as FIRSTSE13_2_, flight0_.FIRSTSEATFARE as FIRSTSE14_2_ from FLIGHTS flight0_
2018-10-04 19:05:13,607 - org.hibernate.hql.internal.ast.ErrorCounter - DEBUG - throwQueryException() : no errors
2018-10-04 19:05:13,607 - org.hibernate.internal.SessionFactoryImpl - DEBUG - Checking named query: getSumOfPassengersByFlightNo
2018-10-04 19:05:13,608 - org.hibernate.hql.internal.ast.QueryTranslatorImpl - DEBUG - parse() - HQL: SELECT SUM(b.noOfPassengers) FROM com.cg.ars.dto.Booking b WHERE b.flightNo=:flightNo
2018-10-04 19:05:13,609 - org.hibernate.hql.internal.ast.QueryTranslatorImpl - DEBUG - --- HQL AST ---
 \-[QUERY] Node: 'query'
    +-[SELECT_FROM] Node: 'SELECT_FROM'
    |  +-[FROM] Node: 'FROM'
    |  |  \-[RANGE] Node: 'RANGE'
    |  |     +-[DOT] Node: '.'
    |  |     |  +-[DOT] Node: '.'
    |  |     |  |  +-[DOT] Node: '.'
    |  |     |  |  |  +-[DOT] Node: '.'
    |  |     |  |  |  |  +-[IDENT] Node: 'com'
    |  |     |  |  |  |  \-[IDENT] Node: 'cg'
    |  |     |  |  |  \-[IDENT] Node: 'ars'
    |  |     |  |  \-[IDENT] Node: 'dto'
    |  |     |  \-[IDENT] Node: 'Booking'
    |  |     \-[ALIAS] Node: 'b'
    |  \-[SELECT] Node: 'SELECT'
    |     \-[AGGREGATE] Node: 'SUM'
    |        \-[DOT] Node: '.'
    |           +-[IDENT] Node: 'b'
    |           \-[IDENT] Node: 'noOfPassengers'
    \-[WHERE] Node: 'WHERE'
       \-[EQ] Node: '='
          +-[DOT] Node: '.'
          |  +-[IDENT] Node: 'b'
          |  \-[IDENT] Node: 'flightNo'
          \-[COLON] Node: ':'
             \-[IDENT] Node: 'flightNo'

2018-10-04 19:05:13,609 - org.hibernate.hql.internal.ast.ErrorCounter - DEBUG - throwQueryException() : no errors
2018-10-04 19:05:13,609 - org.hibernate.hql.internal.antlr.HqlSqlBaseWalker - DEBUG - select << begin [level=1, statement=select]
2018-10-04 19:05:13,609 - org.hibernate.hql.internal.ast.tree.FromElement - DEBUG - FromClause{level=1} : com.cg.ars.dto.Booking (b) -> booking0_
2018-10-04 19:05:13,609 - org.hibernate.hql.internal.ast.tree.FromReferenceNode - DEBUG - Resolved : b -> booking0_.BOOKING_ID
2018-10-04 19:05:13,609 - org.hibernate.hql.internal.ast.tree.DotNode - DEBUG - getDataType() : noOfPassengers -> org.hibernate.type.IntegerType@f5f2bb7
2018-10-04 19:05:13,609 - org.hibernate.hql.internal.ast.tree.FromReferenceNode - DEBUG - Resolved : b.noOfPassengers -> booking0_.NO_OF_PASSENGERS
2018-10-04 19:05:13,609 - org.hibernate.hql.internal.ast.tree.FromReferenceNode - DEBUG - Resolved : b -> booking0_.BOOKING_ID
2018-10-04 19:05:13,609 - org.hibernate.hql.internal.ast.tree.DotNode - DEBUG - getDataType() : flightNo -> org.hibernate.type.StringType@6ea6d14e
2018-10-04 19:05:13,609 - org.hibernate.hql.internal.ast.tree.FromReferenceNode - DEBUG - Resolved : b.flightNo -> booking0_.FLIGHT_NO
2018-10-04 19:05:13,609 - org.hibernate.hql.internal.antlr.HqlSqlBaseWalker - DEBUG - select : finishing up [level=1, statement=select]
2018-10-04 19:05:13,609 - org.hibernate.hql.internal.ast.HqlSqlWalker - DEBUG - processQuery() :  ( SELECT ( {select clause} ( SUM ( booking0_.NO_OF_PASSENGERS booking0_.BOOKING_ID noOfPassengers ) ) ) ( FromClause{level=1} BOOKINGS booking0_ ) ( WHERE ( = ( booking0_.FLIGHT_NO booking0_.BOOKING_ID flightNo ) ? ) ) )
2018-10-04 19:05:13,609 - org.hibernate.hql.internal.ast.util.JoinProcessor - DEBUG - Using FROM fragment [BOOKINGS booking0_]
2018-10-04 19:05:13,609 - org.hibernate.hql.internal.antlr.HqlSqlBaseWalker - DEBUG - select >> end [level=1, statement=select]
2018-10-04 19:05:13,610 - org.hibernate.hql.internal.ast.QueryTranslatorImpl - DEBUG - --- SQL AST ---
 \-[SELECT] QueryNode: 'SELECT'  querySpaces (BOOKINGS)
    +-[SELECT_CLAUSE] SelectClause: '{select clause}'
    |  +-[AGGREGATE] AggregateNode: 'SUM'
    |  |  \-[DOT] DotNode: 'booking0_.NO_OF_PASSENGERS' {propertyName=noOfPassengers,dereferenceType=ALL,propertyPath=noOfPassengers,path=b.noOfPassengers,tableAlias=booking0_,className=com.cg.ars.dto.Booking,classAlias=b}
    |  |     +-[ALIAS_REF] IdentNode: 'booking0_.BOOKING_ID' {alias=b, className=com.cg.ars.dto.Booking, tableAlias=booking0_}
    |  |     \-[IDENT] IdentNode: 'noOfPassengers' {originalText=noOfPassengers}
    |  \-[SELECT_COLUMNS] SqlNode: ' as col_0_0_'
    +-[FROM] FromClause: 'FROM' FromClause{level=1, fromElementCounter=1, fromElements=1, fromElementByClassAlias=[b], fromElementByTableAlias=[booking0_], fromElementsByPath=[], collectionJoinFromElementsByPath=[], impliedElements=[]}
    |  \-[FROM_FRAGMENT] FromElement: 'BOOKINGS booking0_' FromElement{explicit,not a collection join,not a fetch join,fetch non-lazy properties,classAlias=b,role=null,tableName=BOOKINGS,tableAlias=booking0_,origin=null,columns={,className=com.cg.ars.dto.Booking}}
    \-[WHERE] SqlNode: 'WHERE'
       \-[EQ] BinaryLogicOperatorNode: '='
          +-[DOT] DotNode: 'booking0_.FLIGHT_NO' {propertyName=flightNo,dereferenceType=ALL,propertyPath=flightNo,path=b.flightNo,tableAlias=booking0_,className=com.cg.ars.dto.Booking,classAlias=b}
          |  +-[ALIAS_REF] IdentNode: 'booking0_.BOOKING_ID' {alias=b, className=com.cg.ars.dto.Booking, tableAlias=booking0_}
          |  \-[IDENT] IdentNode: 'flightNo' {originalText=flightNo}
          \-[NAMED_PARAM] ParameterNode: '?' {name=flightNo, expectedType=org.hibernate.type.StringType@6ea6d14e}

2018-10-04 19:05:13,610 - org.hibernate.hql.internal.ast.ErrorCounter - DEBUG - throwQueryException() : no errors
2018-10-04 19:05:13,610 - org.hibernate.hql.internal.ast.QueryTranslatorImpl - DEBUG - HQL: SELECT SUM(b.noOfPassengers) FROM com.cg.ars.dto.Booking b WHERE b.flightNo=:flightNo
2018-10-04 19:05:13,610 - org.hibernate.hql.internal.ast.QueryTranslatorImpl - DEBUG - SQL: select sum(booking0_.NO_OF_PASSENGERS) as col_0_0_ from BOOKINGS booking0_ where booking0_.FLIGHT_NO=?
2018-10-04 19:05:13,610 - org.hibernate.hql.internal.ast.ErrorCounter - DEBUG - throwQueryException() : no errors
2018-10-04 19:05:13,610 - org.hibernate.internal.SessionFactoryImpl - DEBUG - Checking named query: getSumOfPassengersByRoute
2018-10-04 19:05:13,610 - org.hibernate.hql.internal.ast.QueryTranslatorImpl - DEBUG - parse() - HQL: SELECT SUM(b.noOfPassengers) FROM com.cg.ars.dto.Booking b WHERE b.srcCity=:depCity AND b.destCity=:arrCity
2018-10-04 19:05:13,611 - org.hibernate.hql.internal.ast.QueryTranslatorImpl - DEBUG - --- HQL AST ---
 \-[QUERY] Node: 'query'
    +-[SELECT_FROM] Node: 'SELECT_FROM'
    |  +-[FROM] Node: 'FROM'
    |  |  \-[RANGE] Node: 'RANGE'
    |  |     +-[DOT] Node: '.'
    |  |     |  +-[DOT] Node: '.'
    |  |     |  |  +-[DOT] Node: '.'
    |  |     |  |  |  +-[DOT] Node: '.'
    |  |     |  |  |  |  +-[IDENT] Node: 'com'
    |  |     |  |  |  |  \-[IDENT] Node: 'cg'
    |  |     |  |  |  \-[IDENT] Node: 'ars'
    |  |     |  |  \-[IDENT] Node: 'dto'
    |  |     |  \-[IDENT] Node: 'Booking'
    |  |     \-[ALIAS] Node: 'b'
    |  \-[SELECT] Node: 'SELECT'
    |     \-[AGGREGATE] Node: 'SUM'
    |        \-[DOT] Node: '.'
    |           +-[IDENT] Node: 'b'
    |           \-[IDENT] Node: 'noOfPassengers'
    \-[WHERE] Node: 'WHERE'
       \-[AND] Node: 'AND'
          +-[EQ] Node: '='
          |  +-[DOT] Node: '.'
          |  |  +-[IDENT] Node: 'b'
          |  |  \-[IDENT] Node: 'srcCity'
          |  \-[COLON] Node: ':'
          |     \-[IDENT] Node: 'depCity'
          \-[EQ] Node: '='
             +-[DOT] Node: '.'
             |  +-[IDENT] Node: 'b'
             |  \-[IDENT] Node: 'destCity'
             \-[COLON] Node: ':'
                \-[IDENT] Node: 'arrCity'

2018-10-04 19:05:13,612 - org.hibernate.hql.internal.ast.ErrorCounter - DEBUG - throwQueryException() : no errors
2018-10-04 19:05:13,612 - org.hibernate.hql.internal.antlr.HqlSqlBaseWalker - DEBUG - select << begin [level=1, statement=select]
2018-10-04 19:05:13,612 - org.hibernate.hql.internal.ast.tree.FromElement - DEBUG - FromClause{level=1} : com.cg.ars.dto.Booking (b) -> booking0_
2018-10-04 19:05:13,612 - org.hibernate.hql.internal.ast.tree.FromReferenceNode - DEBUG - Resolved : b -> booking0_.BOOKING_ID
2018-10-04 19:05:13,612 - org.hibernate.hql.internal.ast.tree.DotNode - DEBUG - getDataType() : noOfPassengers -> org.hibernate.type.IntegerType@f5f2bb7
2018-10-04 19:05:13,612 - org.hibernate.hql.internal.ast.tree.FromReferenceNode - DEBUG - Resolved : b.noOfPassengers -> booking0_.NO_OF_PASSENGERS
2018-10-04 19:05:13,612 - org.hibernate.hql.internal.ast.tree.FromReferenceNode - DEBUG - Resolved : b -> booking0_.BOOKING_ID
2018-10-04 19:05:13,612 - org.hibernate.hql.internal.ast.tree.DotNode - DEBUG - getDataType() : srcCity -> org.hibernate.type.StringType@6ea6d14e
2018-10-04 19:05:13,612 - org.hibernate.hql.internal.ast.tree.FromReferenceNode - DEBUG - Resolved : b.srcCity -> booking0_.SRC_CITY
2018-10-04 19:05:13,612 - org.hibernate.hql.internal.ast.tree.FromReferenceNode - DEBUG - Resolved : b -> booking0_.BOOKING_ID
2018-10-04 19:05:13,612 - org.hibernate.hql.internal.ast.tree.DotNode - DEBUG - getDataType() : destCity -> org.hibernate.type.StringType@6ea6d14e
2018-10-04 19:05:13,612 - org.hibernate.hql.internal.ast.tree.FromReferenceNode - DEBUG - Resolved : b.destCity -> booking0_.DEST_CITY
2018-10-04 19:05:13,612 - org.hibernate.hql.internal.antlr.HqlSqlBaseWalker - DEBUG - select : finishing up [level=1, statement=select]
2018-10-04 19:05:13,612 - org.hibernate.hql.internal.ast.HqlSqlWalker - DEBUG - processQuery() :  ( SELECT ( {select clause} ( SUM ( booking0_.NO_OF_PASSENGERS booking0_.BOOKING_ID noOfPassengers ) ) ) ( FromClause{level=1} BOOKINGS booking0_ ) ( WHERE ( AND ( = ( booking0_.SRC_CITY booking0_.BOOKING_ID srcCity ) ? ) ( = ( booking0_.DEST_CITY booking0_.BOOKING_ID destCity ) ? ) ) ) )
2018-10-04 19:05:13,612 - org.hibernate.hql.internal.ast.util.JoinProcessor - DEBUG - Using FROM fragment [BOOKINGS booking0_]
2018-10-04 19:05:13,612 - org.hibernate.hql.internal.antlr.HqlSqlBaseWalker - DEBUG - select >> end [level=1, statement=select]
2018-10-04 19:05:13,613 - org.hibernate.hql.internal.ast.QueryTranslatorImpl - DEBUG - --- SQL AST ---
 \-[SELECT] QueryNode: 'SELECT'  querySpaces (BOOKINGS)
    +-[SELECT_CLAUSE] SelectClause: '{select clause}'
    |  +-[AGGREGATE] AggregateNode: 'SUM'
    |  |  \-[DOT] DotNode: 'booking0_.NO_OF_PASSENGERS' {propertyName=noOfPassengers,dereferenceType=ALL,propertyPath=noOfPassengers,path=b.noOfPassengers,tableAlias=booking0_,className=com.cg.ars.dto.Booking,classAlias=b}
    |  |     +-[ALIAS_REF] IdentNode: 'booking0_.BOOKING_ID' {alias=b, className=com.cg.ars.dto.Booking, tableAlias=booking0_}
    |  |     \-[IDENT] IdentNode: 'noOfPassengers' {originalText=noOfPassengers}
    |  \-[SELECT_COLUMNS] SqlNode: ' as col_0_0_'
    +-[FROM] FromClause: 'FROM' FromClause{level=1, fromElementCounter=1, fromElements=1, fromElementByClassAlias=[b], fromElementByTableAlias=[booking0_], fromElementsByPath=[], collectionJoinFromElementsByPath=[], impliedElements=[]}
    |  \-[FROM_FRAGMENT] FromElement: 'BOOKINGS booking0_' FromElement{explicit,not a collection join,not a fetch join,fetch non-lazy properties,classAlias=b,role=null,tableName=BOOKINGS,tableAlias=booking0_,origin=null,columns={,className=com.cg.ars.dto.Booking}}
    \-[WHERE] SqlNode: 'WHERE'
       \-[AND] SqlNode: 'AND'
          +-[EQ] BinaryLogicOperatorNode: '='
          |  +-[DOT] DotNode: 'booking0_.SRC_CITY' {propertyName=srcCity,dereferenceType=ALL,propertyPath=srcCity,path=b.srcCity,tableAlias=booking0_,className=com.cg.ars.dto.Booking,classAlias=b}
          |  |  +-[ALIAS_REF] IdentNode: 'booking0_.BOOKING_ID' {alias=b, className=com.cg.ars.dto.Booking, tableAlias=booking0_}
          |  |  \-[IDENT] IdentNode: 'srcCity' {originalText=srcCity}
          |  \-[NAMED_PARAM] ParameterNode: '?' {name=depCity, expectedType=org.hibernate.type.StringType@6ea6d14e}
          \-[EQ] BinaryLogicOperatorNode: '='
             +-[DOT] DotNode: 'booking0_.DEST_CITY' {propertyName=destCity,dereferenceType=ALL,propertyPath=destCity,path=b.destCity,tableAlias=booking0_,className=com.cg.ars.dto.Booking,classAlias=b}
             |  +-[ALIAS_REF] IdentNode: 'booking0_.BOOKING_ID' {alias=b, className=com.cg.ars.dto.Booking, tableAlias=booking0_}
             |  \-[IDENT] IdentNode: 'destCity' {originalText=destCity}
             \-[NAMED_PARAM] ParameterNode: '?' {name=arrCity, expectedType=org.hibernate.type.StringType@6ea6d14e}

2018-10-04 19:05:13,613 - org.hibernate.hql.internal.ast.ErrorCounter - DEBUG - throwQueryException() : no errors
2018-10-04 19:05:13,613 - org.hibernate.hql.internal.ast.QueryTranslatorImpl - DEBUG - HQL: SELECT SUM(b.noOfPassengers) FROM com.cg.ars.dto.Booking b WHERE b.srcCity=:depCity AND b.destCity=:arrCity
2018-10-04 19:05:13,613 - org.hibernate.hql.internal.ast.QueryTranslatorImpl - DEBUG - SQL: select sum(booking0_.NO_OF_PASSENGERS) as col_0_0_ from BOOKINGS booking0_ where booking0_.SRC_CITY=? and booking0_.DEST_CITY=?
2018-10-04 19:05:13,613 - org.hibernate.hql.internal.ast.ErrorCounter - DEBUG - throwQueryException() : no errors
2018-10-04 19:05:13,613 - org.hibernate.internal.SessionFactoryImpl - DEBUG - Checking named query: getAllAirports
2018-10-04 19:05:13,613 - org.hibernate.hql.internal.ast.QueryTranslatorImpl - DEBUG - parse() - HQL: SELECT a FROM com.cg.ars.dto.Airport a
2018-10-04 19:05:13,614 - org.hibernate.hql.internal.ast.QueryTranslatorImpl - DEBUG - --- HQL AST ---
 \-[QUERY] Node: 'query'
    \-[SELECT_FROM] Node: 'SELECT_FROM'
       +-[FROM] Node: 'FROM'
       |  \-[RANGE] Node: 'RANGE'
       |     +-[DOT] Node: '.'
       |     |  +-[DOT] Node: '.'
       |     |  |  +-[DOT] Node: '.'
       |     |  |  |  +-[DOT] Node: '.'
       |     |  |  |  |  +-[IDENT] Node: 'com'
       |     |  |  |  |  \-[IDENT] Node: 'cg'
       |     |  |  |  \-[IDENT] Node: 'ars'
       |     |  |  \-[IDENT] Node: 'dto'
       |     |  \-[IDENT] Node: 'Airport'
       |     \-[ALIAS] Node: 'a'
       \-[SELECT] Node: 'SELECT'
          \-[IDENT] Node: 'a'

2018-10-04 19:05:13,614 - org.hibernate.hql.internal.ast.ErrorCounter - DEBUG - throwQueryException() : no errors
2018-10-04 19:05:13,614 - org.hibernate.hql.internal.antlr.HqlSqlBaseWalker - DEBUG - select << begin [level=1, statement=select]
2018-10-04 19:05:13,614 - org.hibernate.hql.internal.ast.tree.FromElement - DEBUG - FromClause{level=1} : com.cg.ars.dto.Airport (a) -> airport0_
2018-10-04 19:05:13,614 - org.hibernate.hql.internal.ast.tree.FromReferenceNode - DEBUG - Resolved : a -> airport0_.ABBREVIATION
2018-10-04 19:05:13,614 - org.hibernate.hql.internal.antlr.HqlSqlBaseWalker - DEBUG - select : finishing up [level=1, statement=select]
2018-10-04 19:05:13,614 - org.hibernate.hql.internal.ast.HqlSqlWalker - DEBUG - processQuery() :  ( SELECT ( {select clause} airport0_.ABBREVIATION ) ( FromClause{level=1} AIRPORTS airport0_ ) )
2018-10-04 19:05:13,614 - org.hibernate.hql.internal.ast.util.JoinProcessor - DEBUG - Using FROM fragment [AIRPORTS airport0_]
2018-10-04 19:05:13,614 - org.hibernate.hql.internal.antlr.HqlSqlBaseWalker - DEBUG - select >> end [level=1, statement=select]
2018-10-04 19:05:13,615 - org.hibernate.hql.internal.ast.QueryTranslatorImpl - DEBUG - --- SQL AST ---
 \-[SELECT] QueryNode: 'SELECT'  querySpaces (AIRPORTS)
    +-[SELECT_CLAUSE] SelectClause: '{select clause}'
    |  +-[ALIAS_REF] IdentNode: 'airport0_.ABBREVIATION as ABBREVIA1_0_' {alias=a, className=com.cg.ars.dto.Airport, tableAlias=airport0_}
    |  \-[SQL_TOKEN] SqlFragment: 'airport0_.AIRPORTNAME as AIRPORTN2_0_, airport0_.LOCATION as LOCATION3_0_'
    \-[FROM] FromClause: 'FROM' FromClause{level=1, fromElementCounter=1, fromElements=1, fromElementByClassAlias=[a], fromElementByTableAlias=[airport0_], fromElementsByPath=[], collectionJoinFromElementsByPath=[], impliedElements=[]}
       \-[FROM_FRAGMENT] FromElement: 'AIRPORTS airport0_' FromElement{explicit,not a collection join,not a fetch join,fetch non-lazy properties,classAlias=a,role=null,tableName=AIRPORTS,tableAlias=airport0_,origin=null,columns={,className=com.cg.ars.dto.Airport}}

2018-10-04 19:05:13,615 - org.hibernate.hql.internal.ast.ErrorCounter - DEBUG - throwQueryException() : no errors
2018-10-04 19:05:13,615 - org.hibernate.hql.internal.ast.QueryTranslatorImpl - DEBUG - HQL: SELECT a FROM com.cg.ars.dto.Airport a
2018-10-04 19:05:13,615 - org.hibernate.hql.internal.ast.QueryTranslatorImpl - DEBUG - SQL: select airport0_.ABBREVIATION as ABBREVIA1_0_, airport0_.AIRPORTNAME as AIRPORTN2_0_, airport0_.LOCATION as LOCATION3_0_ from AIRPORTS airport0_
2018-10-04 19:05:13,615 - org.hibernate.hql.internal.ast.ErrorCounter - DEBUG - throwQueryException() : no errors
2018-10-04 19:05:13,615 - org.hibernate.internal.SessionFactoryImpl - DEBUG - Checking 0 named SQL queries
2018-10-04 19:05:13,618 - org.hibernate.stat.internal.StatisticsInitiator - DEBUG - Statistics initialized [enabled=false]
2018-10-04 19:05:13,637 - org.hibernate.ejb.internal.EntityManagerFactoryRegistry - DEBUG - Initializing EntityManagerFactoryRegistry : org.hibernate.ejb.internal.EntityManagerFactoryRegistry@133e019b
2018-10-04 19:05:13,637 - org.hibernate.ejb.internal.EntityManagerFactoryRegistry - DEBUG - Registering EntityManagerFactory: JPA-PU 
2018-10-04 19:05:13,672 - org.hibernate.engine.transaction.spi.AbstractTransactionImpl - DEBUG - begin
2018-10-04 19:05:13,672 - org.hibernate.engine.jdbc.internal.LogicalConnectionImpl - DEBUG - Obtaining JDBC connection
2018-10-04 19:05:13,672 - org.hibernate.engine.jdbc.internal.LogicalConnectionImpl - DEBUG - Obtained JDBC connection
2018-10-04 19:05:13,673 - org.hibernate.engine.transaction.internal.jdbc.JdbcTransaction - DEBUG - initial autocommit status: true
2018-10-04 19:05:13,673 - org.hibernate.engine.transaction.internal.jdbc.JdbcTransaction - DEBUG - disabling autocommit
2018-10-04 19:05:13,683 - org.hibernate.SQL - DEBUG - select flight0_.FLIGHT_NO as FLIGHT_N1_2_, flight0_.AIRLINE as AIRLINE2_2_, flight0_.ARR_AIRPORT as ARR_AIRP3_2_, flight0_.ARR_CITY as ARR_CITY4_2_, flight0_.ARR_DATE as ARR_DATE5_2_, flight0_.ARR_TIME as ARR_TIME6_2_, flight0_.BUSSSEATS as BUSSSEAT7_2_, flight0_.BUSSSEATSFARE as BUSSSEAT8_2_, flight0_.DEP_AIRPORT as DEP_AIRP9_2_, flight0_.DEP_CITY as DEP_CIT10_2_, flight0_.DEP_DATE as DEP_DAT11_2_, flight0_.DEP_TIME as DEP_TIM12_2_, flight0_.FIRSTSEATS as FIRSTSE13_2_, flight0_.FIRSTSEATFARE as FIRSTSE14_2_ from FLIGHTS flight0_
2018-10-04 19:05:13,746 - org.hibernate.engine.transaction.spi.AbstractTransactionImpl - DEBUG - committing
2018-10-04 19:05:13,775 - org.hibernate.engine.transaction.internal.jdbc.JdbcTransaction - DEBUG - committed JDBC Connection
2018-10-04 19:05:13,775 - org.hibernate.engine.transaction.internal.jdbc.JdbcTransaction - DEBUG - re-enabling autocommit
2018-10-04 19:05:13,777 - com.cg.ars.service.FlightServiceImpl - ERROR - No Flight Records Found
Flight List Empty
2018-10-04 19:05:13,781 - org.hibernate.engine.transaction.spi.AbstractTransactionImpl - DEBUG - begin
2018-10-04 19:05:13,781 - org.hibernate.engine.transaction.internal.jdbc.JdbcTransaction - DEBUG - initial autocommit status: true
2018-10-04 19:05:13,782 - org.hibernate.engine.transaction.internal.jdbc.JdbcTransaction - DEBUG - disabling autocommit
2018-10-04 19:05:13,785 - org.hibernate.loader.Loader - DEBUG - Loading entity: [com.cg.ars.dto.Flight#PUN1234]
2018-10-04 19:05:13,785 - org.hibernate.SQL - DEBUG - select flight0_.FLIGHT_NO as FLIGHT_N1_2_0_, flight0_.AIRLINE as AIRLINE2_2_0_, flight0_.ARR_AIRPORT as ARR_AIRP3_2_0_, flight0_.ARR_CITY as ARR_CITY4_2_0_, flight0_.ARR_DATE as ARR_DATE5_2_0_, flight0_.ARR_TIME as ARR_TIME6_2_0_, flight0_.BUSSSEATS as BUSSSEAT7_2_0_, flight0_.BUSSSEATSFARE as BUSSSEAT8_2_0_, flight0_.DEP_AIRPORT as DEP_AIRP9_2_0_, flight0_.DEP_CITY as DEP_CIT10_2_0_, flight0_.DEP_DATE as DEP_DAT11_2_0_, flight0_.DEP_TIME as DEP_TIM12_2_0_, flight0_.FIRSTSEATS as FIRSTSE13_2_0_, flight0_.FIRSTSEATFARE as FIRSTSE14_2_0_ from FLIGHTS flight0_ where flight0_.FLIGHT_NO=?
2018-10-04 19:05:13,818 - org.hibernate.loader.Loader - DEBUG - Done entity load
2018-10-04 19:05:13,818 - org.hibernate.engine.transaction.spi.AbstractTransactionImpl - DEBUG - committing
2018-10-04 19:05:13,847 - org.hibernate.engine.transaction.internal.jdbc.JdbcTransaction - DEBUG - committed JDBC Connection
2018-10-04 19:05:13,847 - org.hibernate.engine.transaction.internal.jdbc.JdbcTransaction - DEBUG - re-enabling autocommit
2018-10-04 19:05:13,847 - com.cg.ars.service.FlightServiceImpl - ERROR - Flight not found with [flightNo=PUN1234]
2018-10-04 19:05:13,848 - com.cg.ars.service.FlightServiceImpl - ERROR - Flight Record Deletion Failed [flightNo=null]
null
